#-----------------------------------------------------------
# Vivado v2018.3 (64-bit)
# SW Build 2405991 on Thu Dec  6 23:38:27 MST 2018
# IP Build 2404404 on Fri Dec  7 01:43:56 MST 2018
# Start of session at: Thu Feb 23 21:14:21 2023
# Process ID: 12052
# Current directory: D:/FPGACode/XilinxProject/kernel3x3x3
# Command line: vivado.exe -gui_launcher_event rodinguilauncherevent23796 D:\FPGACode\XilinxProject\kernel3x3x3\kernel3x3x3.xpr
# Log file: D:/FPGACode/XilinxProject/kernel3x3x3/vivado.log
# Journal file: D:/FPGACode/XilinxProject/kernel3x3x3\vivado.jou
#-----------------------------------------------------------
start_gui
open_project D:/FPGACode/XilinxProject/kernel3x3x3/kernel3x3x3.xpr
INFO: [Project 1-313] Project file moved from 'D:/FPGACode/kernel3x3x3' since last save.
Scanning sources...
Finished scanning sources
INFO: [IP_Flow 19-234] Refreshing IP repositories
INFO: [IP_Flow 19-1704] No user IP repositories specified
INFO: [IP_Flow 19-2313] Loaded Vivado IP repository 'D:/Xilinx/Vivado/2018.3/data/ip'.
open_project: Time (s): cpu = 00:00:12 ; elapsed = 00:00:05 . Memory (MB): peak = 831.918 ; gain = 185.102
update_compile_order -fileset sources_1
exit
INFO: [Common 17-206] Exiting Vivado at Thu Feb 23 22:41:26 2023...
