#-----------------------------------------------------------
# Vivado v2018.3 (64-bit)
# SW Build 2405991 on Thu Dec  6 23:38:27 MST 2018
# IP Build 2404404 on Fri Dec  7 01:43:56 MST 2018
# Start of session at: Sun Feb 19 14:35:38 2023
# Process ID: 15828
# Current directory: D:/FPGACode/kernel3x3x3
# Command line: vivado.exe -gui_launcher_event rodinguilauncherevent13968 D:\FPGACode\kernel3x3x3\kernel3x3x3.xpr
# Log file: D:/FPGACode/kernel3x3x3/vivado.log
# Journal file: D:/FPGACode/kernel3x3x3\vivado.jou
#-----------------------------------------------------------
start_gui
open_project D:/FPGACode/kernel3x3x3/kernel3x3x3.xpr
Scanning sources...
Finished scanning sources
INFO: [IP_Flow 19-234] Refreshing IP repositories
INFO: [IP_Flow 19-1704] No user IP repositories specified
INFO: [IP_Flow 19-2313] Loaded Vivado IP repository 'D:/Xilinx/Vivado/2018.3/data/ip'.
open_project: Time (s): cpu = 00:00:12 ; elapsed = 00:00:05 . Memory (MB): peak = 822.488 ; gain = 189.301
update_compile_order -fileset sources_1
exit
INFO: [Common 17-206] Exiting Vivado at Sun Feb 19 22:24:11 2023...
