#-----------------------------------------------------------
# Vivado v2018.3 (64-bit)
# SW Build 2405991 on Thu Dec  6 23:38:27 MST 2018
# IP Build 2404404 on Fri Dec  7 01:43:56 MST 2018
# Start of session at: Mon Feb 13 19:50:24 2023
# Process ID: 1456
# Current directory: C:/Users/20706/Desktop/FPGA与ZYNQ程序/kernel3x3x3
# Command line: vivado.exe -gui_launcher_event rodinguilauncherevent16212 C:\Users\20706\Desktop\FPGA与ZYNQ程序\kernel3x3x3\kernel3x3x3.xpr
# Log file: C:/Users/20706/Desktop/FPGA与ZYNQ程序/kernel3x3x3/vivado.log
# Journal file: C:/Users/20706/Desktop/FPGA与ZYNQ程序/kernel3x3x3\vivado.jou
#-----------------------------------------------------------
start_gui
open_project C:/Users/20706/Desktop/FPGA与ZYNQ程序/kernel3x3x3/kernel3x3x3.xpr
INFO: [Project 1-313] Project file moved from 'D:/Xilinx/lwyVerilog/kernel3x3x3' since last save.
Scanning sources...
Finished scanning sources
INFO: [IP_Flow 19-234] Refreshing IP repositories
INFO: [IP_Flow 19-1704] No user IP repositories specified
INFO: [IP_Flow 19-2313] Loaded Vivado IP repository 'D:/Xilinx/Vivado/2018.3/data/ip'.
open_project: Time (s): cpu = 00:00:11 ; elapsed = 00:00:05 . Memory (MB): peak = 850.914 ; gain = 219.246
update_compile_order -fileset sources_1
add_files -norecurse C:/Users/20706/Desktop/FPGA与ZYNQ程序/kernel3x3x3/kernel3x3x3.srcs/sources_1/new/multiclk_adder.v
update_compile_order -fileset sources_1
update_compile_order -fileset sources_1
update_compile_order -fileset sources_1
update_compile_order -fileset sources_1
update_compile_order -fileset sources_1
update_compile_order -fileset sources_1
update_compile_order -fileset sources_1
update_compile_order -fileset sources_1
launch_simulation
INFO: [Vivado 12-5698] Checking validity of IPs in the design for the 'XSim' simulator...
INFO: [Vivado 12-5682] Launching behavioral simulation in 'C:/Users/20706/Desktop/FPGA与ZYNQ程序/kernel3x3x3/kernel3x3x3.sim/sim_1/behav/xsim'
INFO: [Vivado 12-4795] Using compiled simulation libraries for IPs
INFO: [SIM-utils-51] Simulation object is 'sim_1'
INFO: [USF-XSim-7] Finding pre-compiled libraries...
INFO: [USF-XSim-11] File 'D:/Xilinx/Vivado/2018.3/data/xsim/xsim.ini' copied to run dir:'C:/Users/20706/Desktop/FPGA与ZYNQ程序/kernel3x3x3/kernel3x3x3.sim/sim_1/behav/xsim'
INFO: [SIM-utils-54] Inspecting design source files for 'single_layer_conv_tb' in fileset 'sim_1'...
INFO: [USF-XSim-97] Finding global include files...
INFO: [USF-XSim-98] Fetching design files from 'sim_1'...
INFO: [USF-XSim-2] XSim::Compile design
INFO: [USF-XSim-61] Executing 'COMPILE and ANALYZE' step in 'C:/Users/20706/Desktop/FPGA与ZYNQ程序/kernel3x3x3/kernel3x3x3.sim/sim_1/behav/xsim'
"xvlog --incr --relax -prj single_layer_conv_tb_vlog.prj"
INFO: [VRFC 10-2263] Analyzing Verilog file "C:/Users/20706/Desktop/FPGA与ZYNQ程序/kernel3x3x3/kernel3x3x3.srcs/sources_1/new/conv_execution.v" into library xil_defaultlib
INFO: [VRFC 10-311] analyzing module conv_execution
INFO: [VRFC 10-2263] Analyzing Verilog file "C:/Users/20706/Desktop/FPGA与ZYNQ程序/kernel3x3x3/kernel3x3x3.srcs/sources_1/new/conv_result_channel_combination.v" into library xil_defaultlib
INFO: [VRFC 10-311] analyzing module conv_result_channel_combination
INFO: [VRFC 10-2263] Analyzing Verilog file "C:/Users/20706/Desktop/FPGA与ZYNQ程序/kernel3x3x3/kernel3x3x3.srcs/sources_1/new/filter_distribution.v" into library xil_defaultlib
INFO: [VRFC 10-311] analyzing module filter_distribution
INFO: [VRFC 10-2263] Analyzing Verilog file "C:/Users/20706/Desktop/FPGA与ZYNQ程序/kernel3x3x3/kernel3x3x3.srcs/sources_1/new/multiclk_adder.v" into library xil_defaultlib
INFO: [VRFC 10-311] analyzing module multiclk_adder
INFO: [VRFC 10-2263] Analyzing Verilog file "C:/Users/20706/Desktop/FPGA与ZYNQ程序/kernel3x3x3/kernel3x3x3.srcs/sources_1/new/multiply_add.v" into library xil_defaultlib
INFO: [VRFC 10-311] analyzing module multiply_add
INFO: [VRFC 10-2263] Analyzing Verilog file "C:/Users/20706/Desktop/FPGA与ZYNQ程序/kernel3x3x3/kernel3x3x3.srcs/sources_1/new/pic_window_distribution.v" into library xil_defaultlib
INFO: [VRFC 10-311] analyzing module pic_window_distribution
INFO: [VRFC 10-2263] Analyzing Verilog file "C:/Users/20706/Desktop/FPGA与ZYNQ程序/kernel3x3x3/kernel3x3x3.srcs/sources_1/new/single_layer_conv.v" into library xil_defaultlib
INFO: [VRFC 10-311] analyzing module single_layer_conv
INFO: [VRFC 10-2263] Analyzing Verilog file "C:/Users/20706/Desktop/FPGA与ZYNQ程序/kernel3x3x3/kernel3x3x3.srcs/sim_1/new/single_layer_conv_tb.v" into library xil_defaultlib
INFO: [VRFC 10-311] analyzing module single_layer_conv_tb
INFO: [VRFC 10-2263] Analyzing Verilog file "C:/Users/20706/Desktop/FPGA与ZYNQ程序/kernel3x3x3/kernel3x3x3.sim/sim_1/behav/xsim/glbl.v" into library xil_defaultlib
INFO: [VRFC 10-311] analyzing module glbl
"xvhdl --incr --relax -prj single_layer_conv_tb_vhdl.prj"
INFO: [VRFC 10-163] Analyzing VHDL file "C:/Users/20706/Desktop/FPGA与ZYNQ程序/kernel3x3x3/kernel3x3x3.srcs/sources_1/ip/multiplier/sim/multiplier.vhd" into library xil_defaultlib
INFO: [VRFC 10-3107] analyzing entity 'multiplier'
INFO: [USF-XSim-69] 'compile' step finished in '2' seconds
INFO: [USF-XSim-3] XSim::Elaborate design
INFO: [USF-XSim-61] Executing 'ELABORATE' step in 'C:/Users/20706/Desktop/FPGA与ZYNQ程序/kernel3x3x3/kernel3x3x3.sim/sim_1/behav/xsim'
Vivado Simulator 2018.3
Copyright 1986-1999, 2001-2018 Xilinx, Inc. All Rights Reserved.
Running: D:/Xilinx/Vivado/2018.3/bin/unwrapped/win64.o/xelab.exe -wto 2b571d4076eb4c39bf484877dd7dacf0 --incr --debug typical --relax --mt 2 -L xbip_utils_v3_0_9 -L xbip_pipe_v3_0_5 -L xbip_bram18k_v3_0_5 -L mult_gen_v12_0_14 -L xil_defaultlib -L unisims_ver -L unimacro_ver -L secureip -L xpm --snapshot single_layer_conv_tb_behav xil_defaultlib.single_layer_conv_tb xil_defaultlib.glbl -log elaborate.log 
Using 2 slave threads.
Starting static elaboration
WARNING: [VRFC 10-3091] actual bit length 18 differs from formal bit length 19 for port 'result' [C:/Users/20706/Desktop/FPGA与ZYNQ程序/kernel3x3x3/kernel3x3x3.srcs/sources_1/new/conv_execution.v:34]
ERROR: [VRFC 10-3236] concurrent assignment to a non-net 'addedResult' is not permitted [C:/Users/20706/Desktop/FPGA与ZYNQ程序/kernel3x3x3/kernel3x3x3.srcs/sources_1/new/conv_result_channel_combination.v:53]
ERROR: [XSIM 43-3322] Static elaboration of top level Verilog design unit(s) in library work failed.
run_program: Time (s): cpu = 00:00:00 ; elapsed = 00:00:06 . Memory (MB): peak = 887.676 ; gain = 0.000
INFO: [USF-XSim-69] 'elaborate' step finished in '5' seconds
INFO: [USF-XSim-99] Step results log file:'C:/Users/20706/Desktop/FPGA与ZYNQ程序/kernel3x3x3/kernel3x3x3.sim/sim_1/behav/xsim/elaborate.log'
ERROR: [USF-XSim-62] 'elaborate' step failed with error(s). Please check the Tcl console output or 'C:/Users/20706/Desktop/FPGA与ZYNQ程序/kernel3x3x3/kernel3x3x3.sim/sim_1/behav/xsim/elaborate.log' file for more information.
ERROR: [Vivado 12-4473] Detected error while running simulation. Please correct the issue and retry this operation.
launch_simulation: Time (s): cpu = 00:00:01 ; elapsed = 00:00:08 . Memory (MB): peak = 887.816 ; gain = 0.141
ERROR: [Common 17-39] 'launch_simulation' failed due to earlier errors.
launch_simulation
INFO: [Vivado 12-5698] Checking validity of IPs in the design for the 'XSim' simulator...
INFO: [Vivado 12-5682] Launching behavioral simulation in 'C:/Users/20706/Desktop/FPGA与ZYNQ程序/kernel3x3x3/kernel3x3x3.sim/sim_1/behav/xsim'
INFO: [Vivado 12-4795] Using compiled simulation libraries for IPs
INFO: [SIM-utils-51] Simulation object is 'sim_1'
INFO: [USF-XSim-7] Finding pre-compiled libraries...
INFO: [USF-XSim-11] File 'D:/Xilinx/Vivado/2018.3/data/xsim/xsim.ini' copied to run dir:'C:/Users/20706/Desktop/FPGA与ZYNQ程序/kernel3x3x3/kernel3x3x3.sim/sim_1/behav/xsim'
INFO: [SIM-utils-54] Inspecting design source files for 'single_layer_conv_tb' in fileset 'sim_1'...
INFO: [USF-XSim-97] Finding global include files...
INFO: [USF-XSim-98] Fetching design files from 'sim_1'...
INFO: [USF-XSim-2] XSim::Compile design
INFO: [USF-XSim-61] Executing 'COMPILE and ANALYZE' step in 'C:/Users/20706/Desktop/FPGA与ZYNQ程序/kernel3x3x3/kernel3x3x3.sim/sim_1/behav/xsim'
"xvlog --incr --relax -prj single_layer_conv_tb_vlog.prj"
INFO: [VRFC 10-2263] Analyzing Verilog file "C:/Users/20706/Desktop/FPGA与ZYNQ程序/kernel3x3x3/kernel3x3x3.srcs/sources_1/new/conv_execution.v" into library xil_defaultlib
INFO: [VRFC 10-311] analyzing module conv_execution
INFO: [VRFC 10-2263] Analyzing Verilog file "C:/Users/20706/Desktop/FPGA与ZYNQ程序/kernel3x3x3/kernel3x3x3.srcs/sources_1/new/conv_result_channel_combination.v" into library xil_defaultlib
INFO: [VRFC 10-311] analyzing module conv_result_channel_combination
INFO: [VRFC 10-2263] Analyzing Verilog file "C:/Users/20706/Desktop/FPGA与ZYNQ程序/kernel3x3x3/kernel3x3x3.srcs/sources_1/new/filter_distribution.v" into library xil_defaultlib
INFO: [VRFC 10-311] analyzing module filter_distribution
INFO: [VRFC 10-2263] Analyzing Verilog file "C:/Users/20706/Desktop/FPGA与ZYNQ程序/kernel3x3x3/kernel3x3x3.srcs/sources_1/new/multiclk_adder.v" into library xil_defaultlib
INFO: [VRFC 10-311] analyzing module multiclk_adder
INFO: [VRFC 10-2263] Analyzing Verilog file "C:/Users/20706/Desktop/FPGA与ZYNQ程序/kernel3x3x3/kernel3x3x3.srcs/sources_1/new/multiply_add.v" into library xil_defaultlib
INFO: [VRFC 10-311] analyzing module multiply_add
INFO: [VRFC 10-2263] Analyzing Verilog file "C:/Users/20706/Desktop/FPGA与ZYNQ程序/kernel3x3x3/kernel3x3x3.srcs/sources_1/new/pic_window_distribution.v" into library xil_defaultlib
INFO: [VRFC 10-311] analyzing module pic_window_distribution
INFO: [VRFC 10-2263] Analyzing Verilog file "C:/Users/20706/Desktop/FPGA与ZYNQ程序/kernel3x3x3/kernel3x3x3.srcs/sources_1/new/single_layer_conv.v" into library xil_defaultlib
INFO: [VRFC 10-311] analyzing module single_layer_conv
INFO: [VRFC 10-2263] Analyzing Verilog file "C:/Users/20706/Desktop/FPGA与ZYNQ程序/kernel3x3x3/kernel3x3x3.srcs/sim_1/new/single_layer_conv_tb.v" into library xil_defaultlib
INFO: [VRFC 10-311] analyzing module single_layer_conv_tb
"xvhdl --incr --relax -prj single_layer_conv_tb_vhdl.prj"
INFO: [USF-XSim-69] 'compile' step finished in '2' seconds
INFO: [USF-XSim-3] XSim::Elaborate design
INFO: [USF-XSim-61] Executing 'ELABORATE' step in 'C:/Users/20706/Desktop/FPGA与ZYNQ程序/kernel3x3x3/kernel3x3x3.sim/sim_1/behav/xsim'
Vivado Simulator 2018.3
Copyright 1986-1999, 2001-2018 Xilinx, Inc. All Rights Reserved.
Running: D:/Xilinx/Vivado/2018.3/bin/unwrapped/win64.o/xelab.exe -wto 2b571d4076eb4c39bf484877dd7dacf0 --incr --debug typical --relax --mt 2 -L xbip_utils_v3_0_9 -L xbip_pipe_v3_0_5 -L xbip_bram18k_v3_0_5 -L mult_gen_v12_0_14 -L xil_defaultlib -L unisims_ver -L unimacro_ver -L secureip -L xpm --snapshot single_layer_conv_tb_behav xil_defaultlib.single_layer_conv_tb xil_defaultlib.glbl -log elaborate.log 
Using 2 slave threads.
Starting static elaboration
Completed static elaboration
Starting simulation data flow analysis
WARNING: [XSIM 43-4099] "C:/Users/20706/Desktop/FPGA与ZYNQ程序/kernel3x3x3/kernel3x3x3.srcs/sources_1/new/single_layer_conv.v" Line 1. Module single_layer_conv(H=4,W=4) doesn't have a timescale but at least one module in design has a timescale.
WARNING: [XSIM 43-4099] "C:/Users/20706/Desktop/FPGA与ZYNQ程序/kernel3x3x3/kernel3x3x3.srcs/sources_1/new/filter_distribution.v" Line 1. Module filter_distribution(H=4,W=4) doesn't have a timescale but at least one module in design has a timescale.
WARNING: [XSIM 43-4099] "C:/Users/20706/Desktop/FPGA与ZYNQ程序/kernel3x3x3/kernel3x3x3.srcs/sources_1/new/pic_window_distribution.v" Line 1. Module pic_window_distribution(H=4,W=4) doesn't have a timescale but at least one module in design has a timescale.
WARNING: [XSIM 43-4099] "C:/Users/20706/Desktop/FPGA与ZYNQ程序/kernel3x3x3/kernel3x3x3.srcs/sources_1/new/conv_execution.v" Line 1. Module conv_execution doesn't have a timescale but at least one module in design has a timescale.
WARNING: [XSIM 43-4099] "C:/Users/20706/Desktop/FPGA与ZYNQ程序/kernel3x3x3/kernel3x3x3.srcs/sources_1/new/multiply_add.v" Line 1. Module multiply_add doesn't have a timescale but at least one module in design has a timescale.
WARNING: [XSIM 43-4099] "C:/Users/20706/Desktop/FPGA与ZYNQ程序/kernel3x3x3/kernel3x3x3.srcs/sources_1/new/conv_execution.v" Line 1. Module conv_execution doesn't have a timescale but at least one module in design has a timescale.
WARNING: [XSIM 43-4099] "C:/Users/20706/Desktop/FPGA与ZYNQ程序/kernel3x3x3/kernel3x3x3.srcs/sources_1/new/multiply_add.v" Line 1. Module multiply_add doesn't have a timescale but at least one module in design has a timescale.
WARNING: [XSIM 43-4099] "C:/Users/20706/Desktop/FPGA与ZYNQ程序/kernel3x3x3/kernel3x3x3.srcs/sources_1/new/conv_execution.v" Line 1. Module conv_execution doesn't have a timescale but at least one module in design has a timescale.
WARNING: [XSIM 43-4099] "C:/Users/20706/Desktop/FPGA与ZYNQ程序/kernel3x3x3/kernel3x3x3.srcs/sources_1/new/multiply_add.v" Line 1. Module multiply_add doesn't have a timescale but at least one module in design has a timescale.
WARNING: [XSIM 43-4099] "C:/Users/20706/Desktop/FPGA与ZYNQ程序/kernel3x3x3/kernel3x3x3.srcs/sources_1/new/conv_execution.v" Line 1. Module conv_execution doesn't have a timescale but at least one module in design has a timescale.
WARNING: [XSIM 43-4099] "C:/Users/20706/Desktop/FPGA与ZYNQ程序/kernel3x3x3/kernel3x3x3.srcs/sources_1/new/multiply_add.v" Line 1. Module multiply_add doesn't have a timescale but at least one module in design has a timescale.
WARNING: [XSIM 43-4099] "C:/Users/20706/Desktop/FPGA与ZYNQ程序/kernel3x3x3/kernel3x3x3.srcs/sources_1/new/conv_execution.v" Line 1. Module conv_execution doesn't have a timescale but at least one module in design has a timescale.
WARNING: [XSIM 43-4099] "C:/Users/20706/Desktop/FPGA与ZYNQ程序/kernel3x3x3/kernel3x3x3.srcs/sources_1/new/multiply_add.v" Line 1. Module multiply_add doesn't have a timescale but at least one module in design has a timescale.
WARNING: [XSIM 43-4099] "C:/Users/20706/Desktop/FPGA与ZYNQ程序/kernel3x3x3/kernel3x3x3.srcs/sources_1/new/conv_execution.v" Line 1. Module conv_execution doesn't have a timescale but at least one module in design has a timescale.
WARNING: [XSIM 43-4099] "C:/Users/20706/Desktop/FPGA与ZYNQ程序/kernel3x3x3/kernel3x3x3.srcs/sources_1/new/multiply_add.v" Line 1. Module multiply_add doesn't have a timescale but at least one module in design has a timescale.
WARNING: [XSIM 43-4099] "C:/Users/20706/Desktop/FPGA与ZYNQ程序/kernel3x3x3/kernel3x3x3.srcs/sources_1/new/conv_execution.v" Line 1. Module conv_execution doesn't have a timescale but at least one module in design has a timescale.
WARNING: [XSIM 43-4099] "C:/Users/20706/Desktop/FPGA与ZYNQ程序/kernel3x3x3/kernel3x3x3.srcs/sources_1/new/multiply_add.v" Line 1. Module multiply_add doesn't have a timescale but at least one module in design has a timescale.
WARNING: [XSIM 43-4099] "C:/Users/20706/Desktop/FPGA与ZYNQ程序/kernel3x3x3/kernel3x3x3.srcs/sources_1/new/conv_execution.v" Line 1. Module conv_execution doesn't have a timescale but at least one module in design has a timescale.
WARNING: [XSIM 43-4099] "C:/Users/20706/Desktop/FPGA与ZYNQ程序/kernel3x3x3/kernel3x3x3.srcs/sources_1/new/multiply_add.v" Line 1. Module multiply_add doesn't have a timescale but at least one module in design has a timescale.
WARNING: [XSIM 43-4099] "C:/Users/20706/Desktop/FPGA与ZYNQ程序/kernel3x3x3/kernel3x3x3.srcs/sources_1/new/conv_execution.v" Line 1. Module conv_execution doesn't have a timescale but at least one module in design has a timescale.
WARNING: [XSIM 43-4099] "C:/Users/20706/Desktop/FPGA与ZYNQ程序/kernel3x3x3/kernel3x3x3.srcs/sources_1/new/multiply_add.v" Line 1. Module multiply_add doesn't have a timescale but at least one module in design has a timescale.
WARNING: [XSIM 43-4099] "C:/Users/20706/Desktop/FPGA与ZYNQ程序/kernel3x3x3/kernel3x3x3.srcs/sources_1/new/conv_execution.v" Line 1. Module conv_execution doesn't have a timescale but at least one module in design has a timescale.
WARNING: [XSIM 43-4099] "C:/Users/20706/Desktop/FPGA与ZYNQ程序/kernel3x3x3/kernel3x3x3.srcs/sources_1/new/multiply_add.v" Line 1. Module multiply_add doesn't have a timescale but at least one module in design has a timescale.
WARNING: [XSIM 43-4099] "C:/Users/20706/Desktop/FPGA与ZYNQ程序/kernel3x3x3/kernel3x3x3.srcs/sources_1/new/conv_execution.v" Line 1. Module conv_execution doesn't have a timescale but at least one module in design has a timescale.
WARNING: [XSIM 43-4099] "C:/Users/20706/Desktop/FPGA与ZYNQ程序/kernel3x3x3/kernel3x3x3.srcs/sources_1/new/multiply_add.v" Line 1. Module multiply_add doesn't have a timescale but at least one module in design has a timescale.
WARNING: [XSIM 43-4099] "C:/Users/20706/Desktop/FPGA与ZYNQ程序/kernel3x3x3/kernel3x3x3.srcs/sources_1/new/conv_execution.v" Line 1. Module conv_execution doesn't have a timescale but at least one module in design has a timescale.
WARNING: [XSIM 43-4099] "C:/Users/20706/Desktop/FPGA与ZYNQ程序/kernel3x3x3/kernel3x3x3.srcs/sources_1/new/multiply_add.v" Line 1. Module multiply_add doesn't have a timescale but at least one module in design has a timescale.
WARNING: [XSIM 43-4099] "C:/Users/20706/Desktop/FPGA与ZYNQ程序/kernel3x3x3/kernel3x3x3.srcs/sources_1/new/conv_result_channel_combination.v" Line 1. Module conv_result_channel_combination(H=4,W=4) doesn't have a timescale but at least one module in design has a timescale.
WARNING: [XSIM 43-4099] "C:/Users/20706/Desktop/FPGA与ZYNQ程序/kernel3x3x3/kernel3x3x3.srcs/sources_1/new/multiclk_adder.v" Line 1. Module multiclk_adder(H=4,W=4) doesn't have a timescale but at least one module in design has a timescale.
WARNING: [XSIM 43-4099] "C:/Users/20706/Desktop/FPGA与ZYNQ程序/kernel3x3x3/kernel3x3x3.srcs/sources_1/new/multiclk_adder.v" Line 1. Module multiclk_adder(H=4,W=4) doesn't have a timescale but at least one module in design has a timescale.
WARNING: [XSIM 43-4099] "C:/Users/20706/Desktop/FPGA与ZYNQ程序/kernel3x3x3/kernel3x3x3.srcs/sources_1/new/multiclk_adder.v" Line 1. Module multiclk_adder(H=4,W=4) doesn't have a timescale but at least one module in design has a timescale.
WARNING: [XSIM 43-4099] "C:/Users/20706/Desktop/FPGA与ZYNQ程序/kernel3x3x3/kernel3x3x3.srcs/sources_1/new/multiclk_adder.v" Line 1. Module multiclk_adder(H=4,W=4) doesn't have a timescale but at least one module in design has a timescale.
Completed simulation data flow analysis
Time Resolution for simulation is 1ps
Compiling package std.standard
Compiling package std.textio
Compiling package ieee.std_logic_1164
Compiling package ieee.numeric_std
Compiling package mult_gen_v12_0_14.mult_gen_v12_0_14_viv_comp
Compiling package xbip_utils_v3_0_9.xbip_utils_v3_0_9_pkg
Compiling package mult_gen_v12_0_14.mult_gen_v12_0_14_pkg
Compiling package ieee.std_logic_arith
Compiling package ieee.std_logic_signed
Compiling package unisim.vcomponents
Compiling package mult_gen_v12_0_14.dsp_pkg
Compiling module xil_defaultlib.filter_distribution(H=4,W=4)
Compiling module xil_defaultlib.pic_window_distribution(H=4,W=4)
Compiling architecture xilinx of entity mult_gen_v12_0_14.delay_line [\delay_line(c_xdevicefamily="art...]
Compiling architecture xilinx of entity mult_gen_v12_0_14.op_resize [\op_resize(ai_width=4,bi_width=8...]
Compiling architecture xilinx of entity mult_gen_v12_0_14.dsp [\dsp(c_xdevicefamily="artix7",c_...]
Compiling architecture xilinx of entity mult_gen_v12_0_14.mult_gen_v12_0_14_viv [\mult_gen_v12_0_14_viv(c_verbosi...]
Compiling architecture xilinx of entity mult_gen_v12_0_14.mult_gen_v12_0_14 [\mult_gen_v12_0_14(c_xdevicefami...]
Compiling architecture multiplier_arch of entity xil_defaultlib.multiplier [multiplier_default]
Compiling module xil_defaultlib.multiply_add
Compiling module xil_defaultlib.conv_execution
Compiling module xil_defaultlib.multiclk_adder(H=4,W=4)
Compiling module xil_defaultlib.conv_result_channel_combination(...
Compiling module xil_defaultlib.single_layer_conv(H=4,W=4)
Compiling module xil_defaultlib.single_layer_conv_tb
Compiling module xil_defaultlib.glbl
Built simulation snapshot single_layer_conv_tb_behav

****** Webtalk v2018.3 (64-bit)
  **** SW Build 2405991 on Thu Dec  6 23:38:27 MST 2018
  **** IP Build 2404404 on Fri Dec  7 01:43:56 MST 2018
    ** Copyright 1986-2018 Xilinx, Inc. All Rights Reserved.

source C:/Users/20706/Desktop/FPGA与ZYNQ程序/kernel3x3x3/kernel3x3x3.sim/sim_1/behav/xsim/xsim.dir/single_layer_conv_tb_behav/webtalk/xsim_webtalk.tcl -notrace
INFO: [Common 17-206] Exiting Webtalk at Mon Feb 13 20:51:17 2023...
run_program: Time (s): cpu = 00:00:01 ; elapsed = 00:00:12 . Memory (MB): peak = 948.906 ; gain = 0.000
INFO: [USF-XSim-69] 'elaborate' step finished in '12' seconds
INFO: [USF-XSim-4] XSim::Simulate design
INFO: [USF-XSim-61] Executing 'SIMULATE' step in 'C:/Users/20706/Desktop/FPGA与ZYNQ程序/kernel3x3x3/kernel3x3x3.sim/sim_1/behav/xsim'
INFO: [USF-XSim-98] *** Running xsim
   with args "single_layer_conv_tb_behav -key {Behavioral:sim_1:Functional:single_layer_conv_tb} -tclbatch {single_layer_conv_tb.tcl} -log {simulate.log}"
INFO: [USF-XSim-8] Loading simulator feature
Vivado Simulator 2018.3
Time resolution is 1 ps
source single_layer_conv_tb.tcl
# set curr_wave [current_wave_config]
# if { [string length $curr_wave] == 0 } {
#   if { [llength [get_objects]] > 0} {
#     add_wave /
#     set_property needs_save false [current_wave_config]
#   } else {
#      send_msg_id Add_Wave-1 WARNING "No top level signals found. Simulator will start without a wave window. If you want to open a wave window go to 'File->New Waveform Configuration' or type 'create_wave_config' in the TCL console."
#   }
# }
# run 1000ns
INFO: [USF-XSim-96] XSim completed. Design snapshot 'single_layer_conv_tb_behav' loaded.
INFO: [USF-XSim-97] XSim simulation ran for 1000ns
launch_simulation: Time (s): cpu = 00:00:04 ; elapsed = 00:00:17 . Memory (MB): peak = 948.906 ; gain = 0.000
close_sim
INFO: [Simtcl 6-16] Simulation closed
launch_simulation
INFO: [Vivado 12-5698] Checking validity of IPs in the design for the 'XSim' simulator...
INFO: [Vivado 12-5682] Launching behavioral simulation in 'C:/Users/20706/Desktop/FPGA与ZYNQ程序/kernel3x3x3/kernel3x3x3.sim/sim_1/behav/xsim'
INFO: [Vivado 12-4795] Using compiled simulation libraries for IPs
INFO: [SIM-utils-51] Simulation object is 'sim_1'
INFO: [USF-XSim-7] Finding pre-compiled libraries...
INFO: [USF-XSim-11] File 'D:/Xilinx/Vivado/2018.3/data/xsim/xsim.ini' copied to run dir:'C:/Users/20706/Desktop/FPGA与ZYNQ程序/kernel3x3x3/kernel3x3x3.sim/sim_1/behav/xsim'
INFO: [SIM-utils-54] Inspecting design source files for 'single_layer_conv_tb' in fileset 'sim_1'...
INFO: [USF-XSim-97] Finding global include files...
INFO: [USF-XSim-98] Fetching design files from 'sim_1'...
INFO: [USF-XSim-2] XSim::Compile design
INFO: [USF-XSim-61] Executing 'COMPILE and ANALYZE' step in 'C:/Users/20706/Desktop/FPGA与ZYNQ程序/kernel3x3x3/kernel3x3x3.sim/sim_1/behav/xsim'
"xvlog --incr --relax -prj single_layer_conv_tb_vlog.prj"
INFO: [VRFC 10-2263] Analyzing Verilog file "C:/Users/20706/Desktop/FPGA与ZYNQ程序/kernel3x3x3/kernel3x3x3.srcs/sources_1/new/conv_execution.v" into library xil_defaultlib
INFO: [VRFC 10-311] analyzing module conv_execution
INFO: [VRFC 10-2263] Analyzing Verilog file "C:/Users/20706/Desktop/FPGA与ZYNQ程序/kernel3x3x3/kernel3x3x3.srcs/sources_1/new/conv_result_channel_combination.v" into library xil_defaultlib
INFO: [VRFC 10-311] analyzing module conv_result_channel_combination
INFO: [VRFC 10-2263] Analyzing Verilog file "C:/Users/20706/Desktop/FPGA与ZYNQ程序/kernel3x3x3/kernel3x3x3.srcs/sources_1/new/filter_distribution.v" into library xil_defaultlib
INFO: [VRFC 10-311] analyzing module filter_distribution
INFO: [VRFC 10-2263] Analyzing Verilog file "C:/Users/20706/Desktop/FPGA与ZYNQ程序/kernel3x3x3/kernel3x3x3.srcs/sources_1/new/multiclk_adder.v" into library xil_defaultlib
INFO: [VRFC 10-311] analyzing module multiclk_adder
INFO: [VRFC 10-2263] Analyzing Verilog file "C:/Users/20706/Desktop/FPGA与ZYNQ程序/kernel3x3x3/kernel3x3x3.srcs/sources_1/new/multiply_add.v" into library xil_defaultlib
INFO: [VRFC 10-311] analyzing module multiply_add
INFO: [VRFC 10-2263] Analyzing Verilog file "C:/Users/20706/Desktop/FPGA与ZYNQ程序/kernel3x3x3/kernel3x3x3.srcs/sources_1/new/pic_window_distribution.v" into library xil_defaultlib
INFO: [VRFC 10-311] analyzing module pic_window_distribution
INFO: [VRFC 10-2263] Analyzing Verilog file "C:/Users/20706/Desktop/FPGA与ZYNQ程序/kernel3x3x3/kernel3x3x3.srcs/sources_1/new/single_layer_conv.v" into library xil_defaultlib
INFO: [VRFC 10-311] analyzing module single_layer_conv
INFO: [VRFC 10-2263] Analyzing Verilog file "C:/Users/20706/Desktop/FPGA与ZYNQ程序/kernel3x3x3/kernel3x3x3.srcs/sim_1/new/single_layer_conv_tb.v" into library xil_defaultlib
INFO: [VRFC 10-311] analyzing module single_layer_conv_tb
"xvhdl --incr --relax -prj single_layer_conv_tb_vhdl.prj"
INFO: [USF-XSim-69] 'compile' step finished in '2' seconds
INFO: [USF-XSim-3] XSim::Elaborate design
INFO: [USF-XSim-61] Executing 'ELABORATE' step in 'C:/Users/20706/Desktop/FPGA与ZYNQ程序/kernel3x3x3/kernel3x3x3.sim/sim_1/behav/xsim'
Vivado Simulator 2018.3
Copyright 1986-1999, 2001-2018 Xilinx, Inc. All Rights Reserved.
Running: D:/Xilinx/Vivado/2018.3/bin/unwrapped/win64.o/xelab.exe -wto 2b571d4076eb4c39bf484877dd7dacf0 --incr --debug typical --relax --mt 2 -L xbip_utils_v3_0_9 -L xbip_pipe_v3_0_5 -L xbip_bram18k_v3_0_5 -L mult_gen_v12_0_14 -L xil_defaultlib -L unisims_ver -L unimacro_ver -L secureip -L xpm --snapshot single_layer_conv_tb_behav xil_defaultlib.single_layer_conv_tb xil_defaultlib.glbl -log elaborate.log 
Using 2 slave threads.
Starting static elaboration
Completed static elaboration
Starting simulation data flow analysis
WARNING: [XSIM 43-4099] "C:/Users/20706/Desktop/FPGA与ZYNQ程序/kernel3x3x3/kernel3x3x3.srcs/sources_1/new/single_layer_conv.v" Line 1. Module single_layer_conv(H=4,W=4) doesn't have a timescale but at least one module in design has a timescale.
WARNING: [XSIM 43-4099] "C:/Users/20706/Desktop/FPGA与ZYNQ程序/kernel3x3x3/kernel3x3x3.srcs/sources_1/new/filter_distribution.v" Line 1. Module filter_distribution(H=4,W=4) doesn't have a timescale but at least one module in design has a timescale.
WARNING: [XSIM 43-4099] "C:/Users/20706/Desktop/FPGA与ZYNQ程序/kernel3x3x3/kernel3x3x3.srcs/sources_1/new/pic_window_distribution.v" Line 1. Module pic_window_distribution(H=4,W=4) doesn't have a timescale but at least one module in design has a timescale.
WARNING: [XSIM 43-4099] "C:/Users/20706/Desktop/FPGA与ZYNQ程序/kernel3x3x3/kernel3x3x3.srcs/sources_1/new/conv_execution.v" Line 1. Module conv_execution doesn't have a timescale but at least one module in design has a timescale.
WARNING: [XSIM 43-4099] "C:/Users/20706/Desktop/FPGA与ZYNQ程序/kernel3x3x3/kernel3x3x3.srcs/sources_1/new/multiply_add.v" Line 1. Module multiply_add doesn't have a timescale but at least one module in design has a timescale.
WARNING: [XSIM 43-4099] "C:/Users/20706/Desktop/FPGA与ZYNQ程序/kernel3x3x3/kernel3x3x3.srcs/sources_1/new/conv_execution.v" Line 1. Module conv_execution doesn't have a timescale but at least one module in design has a timescale.
WARNING: [XSIM 43-4099] "C:/Users/20706/Desktop/FPGA与ZYNQ程序/kernel3x3x3/kernel3x3x3.srcs/sources_1/new/multiply_add.v" Line 1. Module multiply_add doesn't have a timescale but at least one module in design has a timescale.
WARNING: [XSIM 43-4099] "C:/Users/20706/Desktop/FPGA与ZYNQ程序/kernel3x3x3/kernel3x3x3.srcs/sources_1/new/conv_execution.v" Line 1. Module conv_execution doesn't have a timescale but at least one module in design has a timescale.
WARNING: [XSIM 43-4099] "C:/Users/20706/Desktop/FPGA与ZYNQ程序/kernel3x3x3/kernel3x3x3.srcs/sources_1/new/multiply_add.v" Line 1. Module multiply_add doesn't have a timescale but at least one module in design has a timescale.
WARNING: [XSIM 43-4099] "C:/Users/20706/Desktop/FPGA与ZYNQ程序/kernel3x3x3/kernel3x3x3.srcs/sources_1/new/conv_execution.v" Line 1. Module conv_execution doesn't have a timescale but at least one module in design has a timescale.
WARNING: [XSIM 43-4099] "C:/Users/20706/Desktop/FPGA与ZYNQ程序/kernel3x3x3/kernel3x3x3.srcs/sources_1/new/multiply_add.v" Line 1. Module multiply_add doesn't have a timescale but at least one module in design has a timescale.
WARNING: [XSIM 43-4099] "C:/Users/20706/Desktop/FPGA与ZYNQ程序/kernel3x3x3/kernel3x3x3.srcs/sources_1/new/conv_execution.v" Line 1. Module conv_execution doesn't have a timescale but at least one module in design has a timescale.
WARNING: [XSIM 43-4099] "C:/Users/20706/Desktop/FPGA与ZYNQ程序/kernel3x3x3/kernel3x3x3.srcs/sources_1/new/multiply_add.v" Line 1. Module multiply_add doesn't have a timescale but at least one module in design has a timescale.
WARNING: [XSIM 43-4099] "C:/Users/20706/Desktop/FPGA与ZYNQ程序/kernel3x3x3/kernel3x3x3.srcs/sources_1/new/conv_execution.v" Line 1. Module conv_execution doesn't have a timescale but at least one module in design has a timescale.
WARNING: [XSIM 43-4099] "C:/Users/20706/Desktop/FPGA与ZYNQ程序/kernel3x3x3/kernel3x3x3.srcs/sources_1/new/multiply_add.v" Line 1. Module multiply_add doesn't have a timescale but at least one module in design has a timescale.
WARNING: [XSIM 43-4099] "C:/Users/20706/Desktop/FPGA与ZYNQ程序/kernel3x3x3/kernel3x3x3.srcs/sources_1/new/conv_execution.v" Line 1. Module conv_execution doesn't have a timescale but at least one module in design has a timescale.
WARNING: [XSIM 43-4099] "C:/Users/20706/Desktop/FPGA与ZYNQ程序/kernel3x3x3/kernel3x3x3.srcs/sources_1/new/multiply_add.v" Line 1. Module multiply_add doesn't have a timescale but at least one module in design has a timescale.
WARNING: [XSIM 43-4099] "C:/Users/20706/Desktop/FPGA与ZYNQ程序/kernel3x3x3/kernel3x3x3.srcs/sources_1/new/conv_execution.v" Line 1. Module conv_execution doesn't have a timescale but at least one module in design has a timescale.
WARNING: [XSIM 43-4099] "C:/Users/20706/Desktop/FPGA与ZYNQ程序/kernel3x3x3/kernel3x3x3.srcs/sources_1/new/multiply_add.v" Line 1. Module multiply_add doesn't have a timescale but at least one module in design has a timescale.
WARNING: [XSIM 43-4099] "C:/Users/20706/Desktop/FPGA与ZYNQ程序/kernel3x3x3/kernel3x3x3.srcs/sources_1/new/conv_execution.v" Line 1. Module conv_execution doesn't have a timescale but at least one module in design has a timescale.
WARNING: [XSIM 43-4099] "C:/Users/20706/Desktop/FPGA与ZYNQ程序/kernel3x3x3/kernel3x3x3.srcs/sources_1/new/multiply_add.v" Line 1. Module multiply_add doesn't have a timescale but at least one module in design has a timescale.
WARNING: [XSIM 43-4099] "C:/Users/20706/Desktop/FPGA与ZYNQ程序/kernel3x3x3/kernel3x3x3.srcs/sources_1/new/conv_execution.v" Line 1. Module conv_execution doesn't have a timescale but at least one module in design has a timescale.
WARNING: [XSIM 43-4099] "C:/Users/20706/Desktop/FPGA与ZYNQ程序/kernel3x3x3/kernel3x3x3.srcs/sources_1/new/multiply_add.v" Line 1. Module multiply_add doesn't have a timescale but at least one module in design has a timescale.
WARNING: [XSIM 43-4099] "C:/Users/20706/Desktop/FPGA与ZYNQ程序/kernel3x3x3/kernel3x3x3.srcs/sources_1/new/conv_execution.v" Line 1. Module conv_execution doesn't have a timescale but at least one module in design has a timescale.
WARNING: [XSIM 43-4099] "C:/Users/20706/Desktop/FPGA与ZYNQ程序/kernel3x3x3/kernel3x3x3.srcs/sources_1/new/multiply_add.v" Line 1. Module multiply_add doesn't have a timescale but at least one module in design has a timescale.
WARNING: [XSIM 43-4099] "C:/Users/20706/Desktop/FPGA与ZYNQ程序/kernel3x3x3/kernel3x3x3.srcs/sources_1/new/conv_execution.v" Line 1. Module conv_execution doesn't have a timescale but at least one module in design has a timescale.
WARNING: [XSIM 43-4099] "C:/Users/20706/Desktop/FPGA与ZYNQ程序/kernel3x3x3/kernel3x3x3.srcs/sources_1/new/multiply_add.v" Line 1. Module multiply_add doesn't have a timescale but at least one module in design has a timescale.
WARNING: [XSIM 43-4099] "C:/Users/20706/Desktop/FPGA与ZYNQ程序/kernel3x3x3/kernel3x3x3.srcs/sources_1/new/conv_result_channel_combination.v" Line 1. Module conv_result_channel_combination(H=4,W=4) doesn't have a timescale but at least one module in design has a timescale.
WARNING: [XSIM 43-4099] "C:/Users/20706/Desktop/FPGA与ZYNQ程序/kernel3x3x3/kernel3x3x3.srcs/sources_1/new/multiclk_adder.v" Line 1. Module multiclk_adder(H=4,W=4) doesn't have a timescale but at least one module in design has a timescale.
WARNING: [XSIM 43-4099] "C:/Users/20706/Desktop/FPGA与ZYNQ程序/kernel3x3x3/kernel3x3x3.srcs/sources_1/new/multiclk_adder.v" Line 1. Module multiclk_adder(H=4,W=4) doesn't have a timescale but at least one module in design has a timescale.
WARNING: [XSIM 43-4099] "C:/Users/20706/Desktop/FPGA与ZYNQ程序/kernel3x3x3/kernel3x3x3.srcs/sources_1/new/multiclk_adder.v" Line 1. Module multiclk_adder(H=4,W=4) doesn't have a timescale but at least one module in design has a timescale.
WARNING: [XSIM 43-4099] "C:/Users/20706/Desktop/FPGA与ZYNQ程序/kernel3x3x3/kernel3x3x3.srcs/sources_1/new/multiclk_adder.v" Line 1. Module multiclk_adder(H=4,W=4) doesn't have a timescale but at least one module in design has a timescale.
Completed simulation data flow analysis
Time Resolution for simulation is 1ps
Compiling package std.standard
Compiling package std.textio
Compiling package ieee.std_logic_1164
Compiling package ieee.numeric_std
Compiling package mult_gen_v12_0_14.mult_gen_v12_0_14_viv_comp
Compiling package xbip_utils_v3_0_9.xbip_utils_v3_0_9_pkg
Compiling package mult_gen_v12_0_14.mult_gen_v12_0_14_pkg
Compiling package ieee.std_logic_arith
Compiling package ieee.std_logic_signed
Compiling package unisim.vcomponents
Compiling package mult_gen_v12_0_14.dsp_pkg
Compiling module xil_defaultlib.filter_distribution(H=4,W=4)
Compiling module xil_defaultlib.pic_window_distribution(H=4,W=4)
Compiling architecture xilinx of entity mult_gen_v12_0_14.delay_line [\delay_line(c_xdevicefamily="art...]
Compiling architecture xilinx of entity mult_gen_v12_0_14.op_resize [\op_resize(ai_width=4,bi_width=8...]
Compiling architecture xilinx of entity mult_gen_v12_0_14.dsp [\dsp(c_xdevicefamily="artix7",c_...]
Compiling architecture xilinx of entity mult_gen_v12_0_14.mult_gen_v12_0_14_viv [\mult_gen_v12_0_14_viv(c_verbosi...]
Compiling architecture xilinx of entity mult_gen_v12_0_14.mult_gen_v12_0_14 [\mult_gen_v12_0_14(c_xdevicefami...]
Compiling architecture multiplier_arch of entity xil_defaultlib.multiplier [multiplier_default]
Compiling module xil_defaultlib.multiply_add
Compiling module xil_defaultlib.conv_execution
Compiling module xil_defaultlib.multiclk_adder(H=4,W=4)
Compiling module xil_defaultlib.conv_result_channel_combination(...
Compiling module xil_defaultlib.single_layer_conv(H=4,W=4)
Compiling module xil_defaultlib.single_layer_conv_tb
Compiling module xil_defaultlib.glbl
Built simulation snapshot single_layer_conv_tb_behav
run_program: Time (s): cpu = 00:00:00 ; elapsed = 00:00:10 . Memory (MB): peak = 1158.152 ; gain = 0.000
INFO: [USF-XSim-69] 'elaborate' step finished in '11' seconds
INFO: [USF-XSim-4] XSim::Simulate design
INFO: [USF-XSim-61] Executing 'SIMULATE' step in 'C:/Users/20706/Desktop/FPGA与ZYNQ程序/kernel3x3x3/kernel3x3x3.sim/sim_1/behav/xsim'
INFO: [USF-XSim-98] *** Running xsim
   with args "single_layer_conv_tb_behav -key {Behavioral:sim_1:Functional:single_layer_conv_tb} -tclbatch {single_layer_conv_tb.tcl} -log {simulate.log}"
INFO: [USF-XSim-8] Loading simulator feature
Vivado Simulator 2018.3
Time resolution is 1 ps
source single_layer_conv_tb.tcl
# set curr_wave [current_wave_config]
# if { [string length $curr_wave] == 0 } {
#   if { [llength [get_objects]] > 0} {
#     add_wave /
#     set_property needs_save false [current_wave_config]
#   } else {
#      send_msg_id Add_Wave-1 WARNING "No top level signals found. Simulator will start without a wave window. If you want to open a wave window go to 'File->New Waveform Configuration' or type 'create_wave_config' in the TCL console."
#   }
# }
# run 1000ns
INFO: [USF-XSim-96] XSim completed. Design snapshot 'single_layer_conv_tb_behav' loaded.
INFO: [USF-XSim-97] XSim simulation ran for 1000ns
launch_simulation: Time (s): cpu = 00:00:02 ; elapsed = 00:00:14 . Memory (MB): peak = 1158.152 ; gain = 0.000
current_wave_config {Untitled 2}
Untitled 2
add_wave {{/single_layer_conv_tb/single_layer_conv_dut/conv_result_channel_combination_dut/internalRstn}} 
relaunch_sim
INFO: [Vivado 12-5698] Checking validity of IPs in the design for the 'XSim' simulator...
INFO: [Vivado 12-5682] Launching behavioral simulation in 'C:/Users/20706/Desktop/FPGA与ZYNQ程序/kernel3x3x3/kernel3x3x3.sim/sim_1/behav/xsim'
INFO: [Vivado 12-4795] Using compiled simulation libraries for IPs
INFO: [SIM-utils-51] Simulation object is 'sim_1'
INFO: [USF-XSim-7] Finding pre-compiled libraries...
INFO: [USF-XSim-11] File 'D:/Xilinx/Vivado/2018.3/data/xsim/xsim.ini' copied to run dir:'C:/Users/20706/Desktop/FPGA与ZYNQ程序/kernel3x3x3/kernel3x3x3.sim/sim_1/behav/xsim'
INFO: [SIM-utils-54] Inspecting design source files for 'single_layer_conv_tb' in fileset 'sim_1'...
INFO: [USF-XSim-97] Finding global include files...
INFO: [USF-XSim-98] Fetching design files from 'sim_1'...
INFO: [USF-XSim-2] XSim::Compile design
INFO: [USF-XSim-61] Executing 'COMPILE and ANALYZE' step in 'C:/Users/20706/Desktop/FPGA与ZYNQ程序/kernel3x3x3/kernel3x3x3.sim/sim_1/behav/xsim'
"xvlog --incr --relax -prj single_layer_conv_tb_vlog.prj"
"xvhdl --incr --relax -prj single_layer_conv_tb_vhdl.prj"
INFO: [USF-XSim-69] 'compile' step finished in '1' seconds
INFO: [Vivado 12-5698] Checking validity of IPs in the design for the 'XSim' simulator...
INFO: [Vivado 12-5682] Launching behavioral simulation in 'C:/Users/20706/Desktop/FPGA与ZYNQ程序/kernel3x3x3/kernel3x3x3.sim/sim_1/behav/xsim'
INFO: [Vivado 12-4795] Using compiled simulation libraries for IPs
INFO: [USF-XSim-3] XSim::Elaborate design
INFO: [USF-XSim-61] Executing 'ELABORATE' step in 'C:/Users/20706/Desktop/FPGA与ZYNQ程序/kernel3x3x3/kernel3x3x3.sim/sim_1/behav/xsim'
Vivado Simulator 2018.3
Copyright 1986-1999, 2001-2018 Xilinx, Inc. All Rights Reserved.
Running: D:/Xilinx/Vivado/2018.3/bin/unwrapped/win64.o/xelab.exe -wto 2b571d4076eb4c39bf484877dd7dacf0 --incr --debug typical --relax --mt 2 -L xbip_utils_v3_0_9 -L xbip_pipe_v3_0_5 -L xbip_bram18k_v3_0_5 -L mult_gen_v12_0_14 -L xil_defaultlib -L unisims_ver -L unimacro_ver -L secureip -L xpm --snapshot single_layer_conv_tb_behav xil_defaultlib.single_layer_conv_tb xil_defaultlib.glbl -log elaborate.log 
Using 2 slave threads.
Starting static elaboration
Completed static elaboration
INFO: [XSIM 43-4323] No Change in HDL. Linking previously generated obj files to create kernel
run_program: Time (s): cpu = 00:00:00 ; elapsed = 00:00:06 . Memory (MB): peak = 1158.152 ; gain = 0.000
INFO: [USF-XSim-69] 'elaborate' step finished in '6' seconds
launch_simulation: Time (s): cpu = 00:00:00 ; elapsed = 00:00:06 . Memory (MB): peak = 1158.152 ; gain = 0.000
Vivado Simulator 2018.3
Time resolution is 1 ps
relaunch_sim: Time (s): cpu = 00:00:01 ; elapsed = 00:00:10 . Memory (MB): peak = 1158.152 ; gain = 0.000
relaunch_sim
INFO: [Vivado 12-5698] Checking validity of IPs in the design for the 'XSim' simulator...
INFO: [Vivado 12-5682] Launching behavioral simulation in 'C:/Users/20706/Desktop/FPGA与ZYNQ程序/kernel3x3x3/kernel3x3x3.sim/sim_1/behav/xsim'
INFO: [Vivado 12-4795] Using compiled simulation libraries for IPs
INFO: [SIM-utils-51] Simulation object is 'sim_1'
INFO: [USF-XSim-7] Finding pre-compiled libraries...
INFO: [USF-XSim-11] File 'D:/Xilinx/Vivado/2018.3/data/xsim/xsim.ini' copied to run dir:'C:/Users/20706/Desktop/FPGA与ZYNQ程序/kernel3x3x3/kernel3x3x3.sim/sim_1/behav/xsim'
INFO: [SIM-utils-54] Inspecting design source files for 'single_layer_conv_tb' in fileset 'sim_1'...
INFO: [USF-XSim-97] Finding global include files...
INFO: [USF-XSim-98] Fetching design files from 'sim_1'...
INFO: [USF-XSim-2] XSim::Compile design
INFO: [USF-XSim-61] Executing 'COMPILE and ANALYZE' step in 'C:/Users/20706/Desktop/FPGA与ZYNQ程序/kernel3x3x3/kernel3x3x3.sim/sim_1/behav/xsim'
"xvlog --incr --relax -prj single_layer_conv_tb_vlog.prj"
INFO: [VRFC 10-2263] Analyzing Verilog file "C:/Users/20706/Desktop/FPGA与ZYNQ程序/kernel3x3x3/kernel3x3x3.srcs/sources_1/new/conv_execution.v" into library xil_defaultlib
INFO: [VRFC 10-311] analyzing module conv_execution
INFO: [VRFC 10-2263] Analyzing Verilog file "C:/Users/20706/Desktop/FPGA与ZYNQ程序/kernel3x3x3/kernel3x3x3.srcs/sources_1/new/conv_result_channel_combination.v" into library xil_defaultlib
INFO: [VRFC 10-311] analyzing module conv_result_channel_combination
INFO: [VRFC 10-2263] Analyzing Verilog file "C:/Users/20706/Desktop/FPGA与ZYNQ程序/kernel3x3x3/kernel3x3x3.srcs/sources_1/new/filter_distribution.v" into library xil_defaultlib
INFO: [VRFC 10-311] analyzing module filter_distribution
INFO: [VRFC 10-2263] Analyzing Verilog file "C:/Users/20706/Desktop/FPGA与ZYNQ程序/kernel3x3x3/kernel3x3x3.srcs/sources_1/new/multiclk_adder.v" into library xil_defaultlib
INFO: [VRFC 10-311] analyzing module multiclk_adder
INFO: [VRFC 10-2263] Analyzing Verilog file "C:/Users/20706/Desktop/FPGA与ZYNQ程序/kernel3x3x3/kernel3x3x3.srcs/sources_1/new/multiply_add.v" into library xil_defaultlib
INFO: [VRFC 10-311] analyzing module multiply_add
INFO: [VRFC 10-2263] Analyzing Verilog file "C:/Users/20706/Desktop/FPGA与ZYNQ程序/kernel3x3x3/kernel3x3x3.srcs/sources_1/new/pic_window_distribution.v" into library xil_defaultlib
INFO: [VRFC 10-311] analyzing module pic_window_distribution
INFO: [VRFC 10-2263] Analyzing Verilog file "C:/Users/20706/Desktop/FPGA与ZYNQ程序/kernel3x3x3/kernel3x3x3.srcs/sources_1/new/single_layer_conv.v" into library xil_defaultlib
INFO: [VRFC 10-311] analyzing module single_layer_conv
INFO: [VRFC 10-2263] Analyzing Verilog file "C:/Users/20706/Desktop/FPGA与ZYNQ程序/kernel3x3x3/kernel3x3x3.srcs/sim_1/new/single_layer_conv_tb.v" into library xil_defaultlib
INFO: [VRFC 10-311] analyzing module single_layer_conv_tb
"xvhdl --incr --relax -prj single_layer_conv_tb_vhdl.prj"
INFO: [USF-XSim-69] 'compile' step finished in '2' seconds
INFO: [Vivado 12-5698] Checking validity of IPs in the design for the 'XSim' simulator...
INFO: [Vivado 12-5682] Launching behavioral simulation in 'C:/Users/20706/Desktop/FPGA与ZYNQ程序/kernel3x3x3/kernel3x3x3.sim/sim_1/behav/xsim'
INFO: [Vivado 12-4795] Using compiled simulation libraries for IPs
INFO: [USF-XSim-3] XSim::Elaborate design
INFO: [USF-XSim-61] Executing 'ELABORATE' step in 'C:/Users/20706/Desktop/FPGA与ZYNQ程序/kernel3x3x3/kernel3x3x3.sim/sim_1/behav/xsim'
Vivado Simulator 2018.3
Copyright 1986-1999, 2001-2018 Xilinx, Inc. All Rights Reserved.
Running: D:/Xilinx/Vivado/2018.3/bin/unwrapped/win64.o/xelab.exe -wto 2b571d4076eb4c39bf484877dd7dacf0 --incr --debug typical --relax --mt 2 -L xbip_utils_v3_0_9 -L xbip_pipe_v3_0_5 -L xbip_bram18k_v3_0_5 -L mult_gen_v12_0_14 -L xil_defaultlib -L unisims_ver -L unimacro_ver -L secureip -L xpm --snapshot single_layer_conv_tb_behav xil_defaultlib.single_layer_conv_tb xil_defaultlib.glbl -log elaborate.log 
Using 2 slave threads.
Starting static elaboration
Completed static elaboration
Starting simulation data flow analysis
WARNING: [XSIM 43-4099] "C:/Users/20706/Desktop/FPGA与ZYNQ程序/kernel3x3x3/kernel3x3x3.srcs/sources_1/new/single_layer_conv.v" Line 1. Module single_layer_conv(H=4,W=4) doesn't have a timescale but at least one module in design has a timescale.
WARNING: [XSIM 43-4099] "C:/Users/20706/Desktop/FPGA与ZYNQ程序/kernel3x3x3/kernel3x3x3.srcs/sources_1/new/filter_distribution.v" Line 1. Module filter_distribution(H=4,W=4) doesn't have a timescale but at least one module in design has a timescale.
WARNING: [XSIM 43-4099] "C:/Users/20706/Desktop/FPGA与ZYNQ程序/kernel3x3x3/kernel3x3x3.srcs/sources_1/new/pic_window_distribution.v" Line 1. Module pic_window_distribution(H=4,W=4) doesn't have a timescale but at least one module in design has a timescale.
WARNING: [XSIM 43-4099] "C:/Users/20706/Desktop/FPGA与ZYNQ程序/kernel3x3x3/kernel3x3x3.srcs/sources_1/new/conv_execution.v" Line 1. Module conv_execution doesn't have a timescale but at least one module in design has a timescale.
WARNING: [XSIM 43-4099] "C:/Users/20706/Desktop/FPGA与ZYNQ程序/kernel3x3x3/kernel3x3x3.srcs/sources_1/new/multiply_add.v" Line 1. Module multiply_add doesn't have a timescale but at least one module in design has a timescale.
WARNING: [XSIM 43-4099] "C:/Users/20706/Desktop/FPGA与ZYNQ程序/kernel3x3x3/kernel3x3x3.srcs/sources_1/new/conv_execution.v" Line 1. Module conv_execution doesn't have a timescale but at least one module in design has a timescale.
WARNING: [XSIM 43-4099] "C:/Users/20706/Desktop/FPGA与ZYNQ程序/kernel3x3x3/kernel3x3x3.srcs/sources_1/new/multiply_add.v" Line 1. Module multiply_add doesn't have a timescale but at least one module in design has a timescale.
WARNING: [XSIM 43-4099] "C:/Users/20706/Desktop/FPGA与ZYNQ程序/kernel3x3x3/kernel3x3x3.srcs/sources_1/new/conv_execution.v" Line 1. Module conv_execution doesn't have a timescale but at least one module in design has a timescale.
WARNING: [XSIM 43-4099] "C:/Users/20706/Desktop/FPGA与ZYNQ程序/kernel3x3x3/kernel3x3x3.srcs/sources_1/new/multiply_add.v" Line 1. Module multiply_add doesn't have a timescale but at least one module in design has a timescale.
WARNING: [XSIM 43-4099] "C:/Users/20706/Desktop/FPGA与ZYNQ程序/kernel3x3x3/kernel3x3x3.srcs/sources_1/new/conv_execution.v" Line 1. Module conv_execution doesn't have a timescale but at least one module in design has a timescale.
WARNING: [XSIM 43-4099] "C:/Users/20706/Desktop/FPGA与ZYNQ程序/kernel3x3x3/kernel3x3x3.srcs/sources_1/new/multiply_add.v" Line 1. Module multiply_add doesn't have a timescale but at least one module in design has a timescale.
WARNING: [XSIM 43-4099] "C:/Users/20706/Desktop/FPGA与ZYNQ程序/kernel3x3x3/kernel3x3x3.srcs/sources_1/new/conv_execution.v" Line 1. Module conv_execution doesn't have a timescale but at least one module in design has a timescale.
WARNING: [XSIM 43-4099] "C:/Users/20706/Desktop/FPGA与ZYNQ程序/kernel3x3x3/kernel3x3x3.srcs/sources_1/new/multiply_add.v" Line 1. Module multiply_add doesn't have a timescale but at least one module in design has a timescale.
WARNING: [XSIM 43-4099] "C:/Users/20706/Desktop/FPGA与ZYNQ程序/kernel3x3x3/kernel3x3x3.srcs/sources_1/new/conv_execution.v" Line 1. Module conv_execution doesn't have a timescale but at least one module in design has a timescale.
WARNING: [XSIM 43-4099] "C:/Users/20706/Desktop/FPGA与ZYNQ程序/kernel3x3x3/kernel3x3x3.srcs/sources_1/new/multiply_add.v" Line 1. Module multiply_add doesn't have a timescale but at least one module in design has a timescale.
WARNING: [XSIM 43-4099] "C:/Users/20706/Desktop/FPGA与ZYNQ程序/kernel3x3x3/kernel3x3x3.srcs/sources_1/new/conv_execution.v" Line 1. Module conv_execution doesn't have a timescale but at least one module in design has a timescale.
WARNING: [XSIM 43-4099] "C:/Users/20706/Desktop/FPGA与ZYNQ程序/kernel3x3x3/kernel3x3x3.srcs/sources_1/new/multiply_add.v" Line 1. Module multiply_add doesn't have a timescale but at least one module in design has a timescale.
WARNING: [XSIM 43-4099] "C:/Users/20706/Desktop/FPGA与ZYNQ程序/kernel3x3x3/kernel3x3x3.srcs/sources_1/new/conv_execution.v" Line 1. Module conv_execution doesn't have a timescale but at least one module in design has a timescale.
WARNING: [XSIM 43-4099] "C:/Users/20706/Desktop/FPGA与ZYNQ程序/kernel3x3x3/kernel3x3x3.srcs/sources_1/new/multiply_add.v" Line 1. Module multiply_add doesn't have a timescale but at least one module in design has a timescale.
WARNING: [XSIM 43-4099] "C:/Users/20706/Desktop/FPGA与ZYNQ程序/kernel3x3x3/kernel3x3x3.srcs/sources_1/new/conv_execution.v" Line 1. Module conv_execution doesn't have a timescale but at least one module in design has a timescale.
WARNING: [XSIM 43-4099] "C:/Users/20706/Desktop/FPGA与ZYNQ程序/kernel3x3x3/kernel3x3x3.srcs/sources_1/new/multiply_add.v" Line 1. Module multiply_add doesn't have a timescale but at least one module in design has a timescale.
WARNING: [XSIM 43-4099] "C:/Users/20706/Desktop/FPGA与ZYNQ程序/kernel3x3x3/kernel3x3x3.srcs/sources_1/new/conv_execution.v" Line 1. Module conv_execution doesn't have a timescale but at least one module in design has a timescale.
WARNING: [XSIM 43-4099] "C:/Users/20706/Desktop/FPGA与ZYNQ程序/kernel3x3x3/kernel3x3x3.srcs/sources_1/new/multiply_add.v" Line 1. Module multiply_add doesn't have a timescale but at least one module in design has a timescale.
WARNING: [XSIM 43-4099] "C:/Users/20706/Desktop/FPGA与ZYNQ程序/kernel3x3x3/kernel3x3x3.srcs/sources_1/new/conv_execution.v" Line 1. Module conv_execution doesn't have a timescale but at least one module in design has a timescale.
WARNING: [XSIM 43-4099] "C:/Users/20706/Desktop/FPGA与ZYNQ程序/kernel3x3x3/kernel3x3x3.srcs/sources_1/new/multiply_add.v" Line 1. Module multiply_add doesn't have a timescale but at least one module in design has a timescale.
WARNING: [XSIM 43-4099] "C:/Users/20706/Desktop/FPGA与ZYNQ程序/kernel3x3x3/kernel3x3x3.srcs/sources_1/new/conv_execution.v" Line 1. Module conv_execution doesn't have a timescale but at least one module in design has a timescale.
WARNING: [XSIM 43-4099] "C:/Users/20706/Desktop/FPGA与ZYNQ程序/kernel3x3x3/kernel3x3x3.srcs/sources_1/new/multiply_add.v" Line 1. Module multiply_add doesn't have a timescale but at least one module in design has a timescale.
WARNING: [XSIM 43-4099] "C:/Users/20706/Desktop/FPGA与ZYNQ程序/kernel3x3x3/kernel3x3x3.srcs/sources_1/new/conv_result_channel_combination.v" Line 1. Module conv_result_channel_combination(H=4,W=4) doesn't have a timescale but at least one module in design has a timescale.
WARNING: [XSIM 43-4099] "C:/Users/20706/Desktop/FPGA与ZYNQ程序/kernel3x3x3/kernel3x3x3.srcs/sources_1/new/multiclk_adder.v" Line 1. Module multiclk_adder(H=4,W=4) doesn't have a timescale but at least one module in design has a timescale.
WARNING: [XSIM 43-4099] "C:/Users/20706/Desktop/FPGA与ZYNQ程序/kernel3x3x3/kernel3x3x3.srcs/sources_1/new/multiclk_adder.v" Line 1. Module multiclk_adder(H=4,W=4) doesn't have a timescale but at least one module in design has a timescale.
WARNING: [XSIM 43-4099] "C:/Users/20706/Desktop/FPGA与ZYNQ程序/kernel3x3x3/kernel3x3x3.srcs/sources_1/new/multiclk_adder.v" Line 1. Module multiclk_adder(H=4,W=4) doesn't have a timescale but at least one module in design has a timescale.
WARNING: [XSIM 43-4099] "C:/Users/20706/Desktop/FPGA与ZYNQ程序/kernel3x3x3/kernel3x3x3.srcs/sources_1/new/multiclk_adder.v" Line 1. Module multiclk_adder(H=4,W=4) doesn't have a timescale but at least one module in design has a timescale.
Completed simulation data flow analysis
Time Resolution for simulation is 1ps
Compiling package std.standard
Compiling package std.textio
Compiling package ieee.std_logic_1164
Compiling package ieee.numeric_std
Compiling package mult_gen_v12_0_14.mult_gen_v12_0_14_viv_comp
Compiling package xbip_utils_v3_0_9.xbip_utils_v3_0_9_pkg
Compiling package mult_gen_v12_0_14.mult_gen_v12_0_14_pkg
Compiling package ieee.std_logic_arith
Compiling package ieee.std_logic_signed
Compiling package unisim.vcomponents
Compiling package mult_gen_v12_0_14.dsp_pkg
Compiling module xil_defaultlib.filter_distribution(H=4,W=4)
Compiling module xil_defaultlib.pic_window_distribution(H=4,W=4)
Compiling architecture xilinx of entity mult_gen_v12_0_14.delay_line [\delay_line(c_xdevicefamily="art...]
Compiling architecture xilinx of entity mult_gen_v12_0_14.op_resize [\op_resize(ai_width=4,bi_width=8...]
Compiling architecture xilinx of entity mult_gen_v12_0_14.dsp [\dsp(c_xdevicefamily="artix7",c_...]
Compiling architecture xilinx of entity mult_gen_v12_0_14.mult_gen_v12_0_14_viv [\mult_gen_v12_0_14_viv(c_verbosi...]
Compiling architecture xilinx of entity mult_gen_v12_0_14.mult_gen_v12_0_14 [\mult_gen_v12_0_14(c_xdevicefami...]
Compiling architecture multiplier_arch of entity xil_defaultlib.multiplier [multiplier_default]
Compiling module xil_defaultlib.multiply_add
Compiling module xil_defaultlib.conv_execution
Compiling module xil_defaultlib.multiclk_adder(H=4,W=4)
Compiling module xil_defaultlib.conv_result_channel_combination(...
Compiling module xil_defaultlib.single_layer_conv(H=4,W=4)
Compiling module xil_defaultlib.single_layer_conv_tb
Compiling module xil_defaultlib.glbl
Built simulation snapshot single_layer_conv_tb_behav
run_program: Time (s): cpu = 00:00:01 ; elapsed = 00:00:10 . Memory (MB): peak = 1158.152 ; gain = 0.000
INFO: [USF-XSim-69] 'elaborate' step finished in '11' seconds
launch_simulation: Time (s): cpu = 00:00:01 ; elapsed = 00:00:11 . Memory (MB): peak = 1158.152 ; gain = 0.000
Vivado Simulator 2018.3
Time resolution is 1 ps
relaunch_sim: Time (s): cpu = 00:00:01 ; elapsed = 00:00:15 . Memory (MB): peak = 1158.152 ; gain = 0.000
current_wave_config {Untitled 2}
Untitled 2
add_wave {{/single_layer_conv_tb/single_layer_conv_dut/initialConvResult}} 
relaunch_sim
INFO: [Vivado 12-5698] Checking validity of IPs in the design for the 'XSim' simulator...
INFO: [Vivado 12-5682] Launching behavioral simulation in 'C:/Users/20706/Desktop/FPGA与ZYNQ程序/kernel3x3x3/kernel3x3x3.sim/sim_1/behav/xsim'
INFO: [Vivado 12-4795] Using compiled simulation libraries for IPs
INFO: [SIM-utils-51] Simulation object is 'sim_1'
INFO: [USF-XSim-7] Finding pre-compiled libraries...
INFO: [USF-XSim-11] File 'D:/Xilinx/Vivado/2018.3/data/xsim/xsim.ini' copied to run dir:'C:/Users/20706/Desktop/FPGA与ZYNQ程序/kernel3x3x3/kernel3x3x3.sim/sim_1/behav/xsim'
INFO: [SIM-utils-54] Inspecting design source files for 'single_layer_conv_tb' in fileset 'sim_1'...
INFO: [USF-XSim-97] Finding global include files...
INFO: [USF-XSim-98] Fetching design files from 'sim_1'...
INFO: [USF-XSim-2] XSim::Compile design
INFO: [USF-XSim-61] Executing 'COMPILE and ANALYZE' step in 'C:/Users/20706/Desktop/FPGA与ZYNQ程序/kernel3x3x3/kernel3x3x3.sim/sim_1/behav/xsim'
"xvlog --incr --relax -prj single_layer_conv_tb_vlog.prj"
"xvhdl --incr --relax -prj single_layer_conv_tb_vhdl.prj"
INFO: [USF-XSim-69] 'compile' step finished in '1' seconds
INFO: [Vivado 12-5698] Checking validity of IPs in the design for the 'XSim' simulator...
INFO: [Vivado 12-5682] Launching behavioral simulation in 'C:/Users/20706/Desktop/FPGA与ZYNQ程序/kernel3x3x3/kernel3x3x3.sim/sim_1/behav/xsim'
INFO: [Vivado 12-4795] Using compiled simulation libraries for IPs
INFO: [USF-XSim-3] XSim::Elaborate design
INFO: [USF-XSim-61] Executing 'ELABORATE' step in 'C:/Users/20706/Desktop/FPGA与ZYNQ程序/kernel3x3x3/kernel3x3x3.sim/sim_1/behav/xsim'
Vivado Simulator 2018.3
Copyright 1986-1999, 2001-2018 Xilinx, Inc. All Rights Reserved.
Running: D:/Xilinx/Vivado/2018.3/bin/unwrapped/win64.o/xelab.exe -wto 2b571d4076eb4c39bf484877dd7dacf0 --incr --debug typical --relax --mt 2 -L xbip_utils_v3_0_9 -L xbip_pipe_v3_0_5 -L xbip_bram18k_v3_0_5 -L mult_gen_v12_0_14 -L xil_defaultlib -L unisims_ver -L unimacro_ver -L secureip -L xpm --snapshot single_layer_conv_tb_behav xil_defaultlib.single_layer_conv_tb xil_defaultlib.glbl -log elaborate.log 
Using 2 slave threads.
Starting static elaboration
Completed static elaboration
INFO: [XSIM 43-4323] No Change in HDL. Linking previously generated obj files to create kernel
run_program: Time (s): cpu = 00:00:00 ; elapsed = 00:00:06 . Memory (MB): peak = 1158.152 ; gain = 0.000
INFO: [USF-XSim-69] 'elaborate' step finished in '5' seconds
launch_simulation: Time (s): cpu = 00:00:00 ; elapsed = 00:00:06 . Memory (MB): peak = 1158.152 ; gain = 0.000
Vivado Simulator 2018.3
Time resolution is 1 ps
relaunch_sim: Time (s): cpu = 00:00:01 ; elapsed = 00:00:10 . Memory (MB): peak = 1158.152 ; gain = 0.000
relaunch_sim
INFO: [Vivado 12-5698] Checking validity of IPs in the design for the 'XSim' simulator...
INFO: [Vivado 12-5682] Launching behavioral simulation in 'C:/Users/20706/Desktop/FPGA与ZYNQ程序/kernel3x3x3/kernel3x3x3.sim/sim_1/behav/xsim'
INFO: [Vivado 12-4795] Using compiled simulation libraries for IPs
INFO: [SIM-utils-51] Simulation object is 'sim_1'
INFO: [USF-XSim-7] Finding pre-compiled libraries...
INFO: [USF-XSim-11] File 'D:/Xilinx/Vivado/2018.3/data/xsim/xsim.ini' copied to run dir:'C:/Users/20706/Desktop/FPGA与ZYNQ程序/kernel3x3x3/kernel3x3x3.sim/sim_1/behav/xsim'
INFO: [SIM-utils-54] Inspecting design source files for 'single_layer_conv_tb' in fileset 'sim_1'...
INFO: [USF-XSim-97] Finding global include files...
INFO: [USF-XSim-98] Fetching design files from 'sim_1'...
INFO: [USF-XSim-2] XSim::Compile design
INFO: [USF-XSim-61] Executing 'COMPILE and ANALYZE' step in 'C:/Users/20706/Desktop/FPGA与ZYNQ程序/kernel3x3x3/kernel3x3x3.sim/sim_1/behav/xsim'
"xvlog --incr --relax -prj single_layer_conv_tb_vlog.prj"
INFO: [VRFC 10-2263] Analyzing Verilog file "C:/Users/20706/Desktop/FPGA与ZYNQ程序/kernel3x3x3/kernel3x3x3.srcs/sources_1/new/conv_execution.v" into library xil_defaultlib
INFO: [VRFC 10-311] analyzing module conv_execution
INFO: [VRFC 10-2263] Analyzing Verilog file "C:/Users/20706/Desktop/FPGA与ZYNQ程序/kernel3x3x3/kernel3x3x3.srcs/sources_1/new/conv_result_channel_combination.v" into library xil_defaultlib
INFO: [VRFC 10-311] analyzing module conv_result_channel_combination
INFO: [VRFC 10-2263] Analyzing Verilog file "C:/Users/20706/Desktop/FPGA与ZYNQ程序/kernel3x3x3/kernel3x3x3.srcs/sources_1/new/filter_distribution.v" into library xil_defaultlib
INFO: [VRFC 10-311] analyzing module filter_distribution
INFO: [VRFC 10-2263] Analyzing Verilog file "C:/Users/20706/Desktop/FPGA与ZYNQ程序/kernel3x3x3/kernel3x3x3.srcs/sources_1/new/multiclk_adder.v" into library xil_defaultlib
INFO: [VRFC 10-311] analyzing module multiclk_adder
INFO: [VRFC 10-2263] Analyzing Verilog file "C:/Users/20706/Desktop/FPGA与ZYNQ程序/kernel3x3x3/kernel3x3x3.srcs/sources_1/new/multiply_add.v" into library xil_defaultlib
INFO: [VRFC 10-311] analyzing module multiply_add
INFO: [VRFC 10-2263] Analyzing Verilog file "C:/Users/20706/Desktop/FPGA与ZYNQ程序/kernel3x3x3/kernel3x3x3.srcs/sources_1/new/pic_window_distribution.v" into library xil_defaultlib
INFO: [VRFC 10-311] analyzing module pic_window_distribution
INFO: [VRFC 10-2263] Analyzing Verilog file "C:/Users/20706/Desktop/FPGA与ZYNQ程序/kernel3x3x3/kernel3x3x3.srcs/sources_1/new/single_layer_conv.v" into library xil_defaultlib
INFO: [VRFC 10-311] analyzing module single_layer_conv
INFO: [VRFC 10-2263] Analyzing Verilog file "C:/Users/20706/Desktop/FPGA与ZYNQ程序/kernel3x3x3/kernel3x3x3.srcs/sim_1/new/single_layer_conv_tb.v" into library xil_defaultlib
INFO: [VRFC 10-311] analyzing module single_layer_conv_tb
"xvhdl --incr --relax -prj single_layer_conv_tb_vhdl.prj"
INFO: [USF-XSim-69] 'compile' step finished in '2' seconds
INFO: [Vivado 12-5698] Checking validity of IPs in the design for the 'XSim' simulator...
INFO: [Vivado 12-5682] Launching behavioral simulation in 'C:/Users/20706/Desktop/FPGA与ZYNQ程序/kernel3x3x3/kernel3x3x3.sim/sim_1/behav/xsim'
INFO: [Vivado 12-4795] Using compiled simulation libraries for IPs
INFO: [USF-XSim-3] XSim::Elaborate design
INFO: [USF-XSim-61] Executing 'ELABORATE' step in 'C:/Users/20706/Desktop/FPGA与ZYNQ程序/kernel3x3x3/kernel3x3x3.sim/sim_1/behav/xsim'
Vivado Simulator 2018.3
Copyright 1986-1999, 2001-2018 Xilinx, Inc. All Rights Reserved.
Running: D:/Xilinx/Vivado/2018.3/bin/unwrapped/win64.o/xelab.exe -wto 2b571d4076eb4c39bf484877dd7dacf0 --incr --debug typical --relax --mt 2 -L xbip_utils_v3_0_9 -L xbip_pipe_v3_0_5 -L xbip_bram18k_v3_0_5 -L mult_gen_v12_0_14 -L xil_defaultlib -L unisims_ver -L unimacro_ver -L secureip -L xpm --snapshot single_layer_conv_tb_behav xil_defaultlib.single_layer_conv_tb xil_defaultlib.glbl -log elaborate.log 
Using 2 slave threads.
Starting static elaboration
Completed static elaboration
Starting simulation data flow analysis
WARNING: [XSIM 43-4099] "C:/Users/20706/Desktop/FPGA与ZYNQ程序/kernel3x3x3/kernel3x3x3.srcs/sources_1/new/single_layer_conv.v" Line 1. Module single_layer_conv(H=4,W=4) doesn't have a timescale but at least one module in design has a timescale.
WARNING: [XSIM 43-4099] "C:/Users/20706/Desktop/FPGA与ZYNQ程序/kernel3x3x3/kernel3x3x3.srcs/sources_1/new/filter_distribution.v" Line 1. Module filter_distribution(H=4,W=4) doesn't have a timescale but at least one module in design has a timescale.
WARNING: [XSIM 43-4099] "C:/Users/20706/Desktop/FPGA与ZYNQ程序/kernel3x3x3/kernel3x3x3.srcs/sources_1/new/pic_window_distribution.v" Line 1. Module pic_window_distribution(H=4,W=4) doesn't have a timescale but at least one module in design has a timescale.
WARNING: [XSIM 43-4099] "C:/Users/20706/Desktop/FPGA与ZYNQ程序/kernel3x3x3/kernel3x3x3.srcs/sources_1/new/conv_execution.v" Line 1. Module conv_execution doesn't have a timescale but at least one module in design has a timescale.
WARNING: [XSIM 43-4099] "C:/Users/20706/Desktop/FPGA与ZYNQ程序/kernel3x3x3/kernel3x3x3.srcs/sources_1/new/multiply_add.v" Line 1. Module multiply_add doesn't have a timescale but at least one module in design has a timescale.
WARNING: [XSIM 43-4099] "C:/Users/20706/Desktop/FPGA与ZYNQ程序/kernel3x3x3/kernel3x3x3.srcs/sources_1/new/conv_execution.v" Line 1. Module conv_execution doesn't have a timescale but at least one module in design has a timescale.
WARNING: [XSIM 43-4099] "C:/Users/20706/Desktop/FPGA与ZYNQ程序/kernel3x3x3/kernel3x3x3.srcs/sources_1/new/multiply_add.v" Line 1. Module multiply_add doesn't have a timescale but at least one module in design has a timescale.
WARNING: [XSIM 43-4099] "C:/Users/20706/Desktop/FPGA与ZYNQ程序/kernel3x3x3/kernel3x3x3.srcs/sources_1/new/conv_execution.v" Line 1. Module conv_execution doesn't have a timescale but at least one module in design has a timescale.
WARNING: [XSIM 43-4099] "C:/Users/20706/Desktop/FPGA与ZYNQ程序/kernel3x3x3/kernel3x3x3.srcs/sources_1/new/multiply_add.v" Line 1. Module multiply_add doesn't have a timescale but at least one module in design has a timescale.
WARNING: [XSIM 43-4099] "C:/Users/20706/Desktop/FPGA与ZYNQ程序/kernel3x3x3/kernel3x3x3.srcs/sources_1/new/conv_execution.v" Line 1. Module conv_execution doesn't have a timescale but at least one module in design has a timescale.
WARNING: [XSIM 43-4099] "C:/Users/20706/Desktop/FPGA与ZYNQ程序/kernel3x3x3/kernel3x3x3.srcs/sources_1/new/multiply_add.v" Line 1. Module multiply_add doesn't have a timescale but at least one module in design has a timescale.
WARNING: [XSIM 43-4099] "C:/Users/20706/Desktop/FPGA与ZYNQ程序/kernel3x3x3/kernel3x3x3.srcs/sources_1/new/conv_execution.v" Line 1. Module conv_execution doesn't have a timescale but at least one module in design has a timescale.
WARNING: [XSIM 43-4099] "C:/Users/20706/Desktop/FPGA与ZYNQ程序/kernel3x3x3/kernel3x3x3.srcs/sources_1/new/multiply_add.v" Line 1. Module multiply_add doesn't have a timescale but at least one module in design has a timescale.
WARNING: [XSIM 43-4099] "C:/Users/20706/Desktop/FPGA与ZYNQ程序/kernel3x3x3/kernel3x3x3.srcs/sources_1/new/conv_execution.v" Line 1. Module conv_execution doesn't have a timescale but at least one module in design has a timescale.
WARNING: [XSIM 43-4099] "C:/Users/20706/Desktop/FPGA与ZYNQ程序/kernel3x3x3/kernel3x3x3.srcs/sources_1/new/multiply_add.v" Line 1. Module multiply_add doesn't have a timescale but at least one module in design has a timescale.
WARNING: [XSIM 43-4099] "C:/Users/20706/Desktop/FPGA与ZYNQ程序/kernel3x3x3/kernel3x3x3.srcs/sources_1/new/conv_execution.v" Line 1. Module conv_execution doesn't have a timescale but at least one module in design has a timescale.
WARNING: [XSIM 43-4099] "C:/Users/20706/Desktop/FPGA与ZYNQ程序/kernel3x3x3/kernel3x3x3.srcs/sources_1/new/multiply_add.v" Line 1. Module multiply_add doesn't have a timescale but at least one module in design has a timescale.
WARNING: [XSIM 43-4099] "C:/Users/20706/Desktop/FPGA与ZYNQ程序/kernel3x3x3/kernel3x3x3.srcs/sources_1/new/conv_execution.v" Line 1. Module conv_execution doesn't have a timescale but at least one module in design has a timescale.
WARNING: [XSIM 43-4099] "C:/Users/20706/Desktop/FPGA与ZYNQ程序/kernel3x3x3/kernel3x3x3.srcs/sources_1/new/multiply_add.v" Line 1. Module multiply_add doesn't have a timescale but at least one module in design has a timescale.
WARNING: [XSIM 43-4099] "C:/Users/20706/Desktop/FPGA与ZYNQ程序/kernel3x3x3/kernel3x3x3.srcs/sources_1/new/conv_execution.v" Line 1. Module conv_execution doesn't have a timescale but at least one module in design has a timescale.
WARNING: [XSIM 43-4099] "C:/Users/20706/Desktop/FPGA与ZYNQ程序/kernel3x3x3/kernel3x3x3.srcs/sources_1/new/multiply_add.v" Line 1. Module multiply_add doesn't have a timescale but at least one module in design has a timescale.
WARNING: [XSIM 43-4099] "C:/Users/20706/Desktop/FPGA与ZYNQ程序/kernel3x3x3/kernel3x3x3.srcs/sources_1/new/conv_execution.v" Line 1. Module conv_execution doesn't have a timescale but at least one module in design has a timescale.
WARNING: [XSIM 43-4099] "C:/Users/20706/Desktop/FPGA与ZYNQ程序/kernel3x3x3/kernel3x3x3.srcs/sources_1/new/multiply_add.v" Line 1. Module multiply_add doesn't have a timescale but at least one module in design has a timescale.
WARNING: [XSIM 43-4099] "C:/Users/20706/Desktop/FPGA与ZYNQ程序/kernel3x3x3/kernel3x3x3.srcs/sources_1/new/conv_execution.v" Line 1. Module conv_execution doesn't have a timescale but at least one module in design has a timescale.
WARNING: [XSIM 43-4099] "C:/Users/20706/Desktop/FPGA与ZYNQ程序/kernel3x3x3/kernel3x3x3.srcs/sources_1/new/multiply_add.v" Line 1. Module multiply_add doesn't have a timescale but at least one module in design has a timescale.
WARNING: [XSIM 43-4099] "C:/Users/20706/Desktop/FPGA与ZYNQ程序/kernel3x3x3/kernel3x3x3.srcs/sources_1/new/conv_execution.v" Line 1. Module conv_execution doesn't have a timescale but at least one module in design has a timescale.
WARNING: [XSIM 43-4099] "C:/Users/20706/Desktop/FPGA与ZYNQ程序/kernel3x3x3/kernel3x3x3.srcs/sources_1/new/multiply_add.v" Line 1. Module multiply_add doesn't have a timescale but at least one module in design has a timescale.
WARNING: [XSIM 43-4099] "C:/Users/20706/Desktop/FPGA与ZYNQ程序/kernel3x3x3/kernel3x3x3.srcs/sources_1/new/conv_result_channel_combination.v" Line 1. Module conv_result_channel_combination(H=4,W=4) doesn't have a timescale but at least one module in design has a timescale.
WARNING: [XSIM 43-4099] "C:/Users/20706/Desktop/FPGA与ZYNQ程序/kernel3x3x3/kernel3x3x3.srcs/sources_1/new/multiclk_adder.v" Line 1. Module multiclk_adder(H=4,W=4) doesn't have a timescale but at least one module in design has a timescale.
WARNING: [XSIM 43-4099] "C:/Users/20706/Desktop/FPGA与ZYNQ程序/kernel3x3x3/kernel3x3x3.srcs/sources_1/new/multiclk_adder.v" Line 1. Module multiclk_adder(H=4,W=4) doesn't have a timescale but at least one module in design has a timescale.
WARNING: [XSIM 43-4099] "C:/Users/20706/Desktop/FPGA与ZYNQ程序/kernel3x3x3/kernel3x3x3.srcs/sources_1/new/multiclk_adder.v" Line 1. Module multiclk_adder(H=4,W=4) doesn't have a timescale but at least one module in design has a timescale.
WARNING: [XSIM 43-4099] "C:/Users/20706/Desktop/FPGA与ZYNQ程序/kernel3x3x3/kernel3x3x3.srcs/sources_1/new/multiclk_adder.v" Line 1. Module multiclk_adder(H=4,W=4) doesn't have a timescale but at least one module in design has a timescale.
Completed simulation data flow analysis
Time Resolution for simulation is 1ps
Compiling package std.standard
Compiling package std.textio
Compiling package ieee.std_logic_1164
Compiling package ieee.numeric_std
Compiling package mult_gen_v12_0_14.mult_gen_v12_0_14_viv_comp
Compiling package xbip_utils_v3_0_9.xbip_utils_v3_0_9_pkg
Compiling package mult_gen_v12_0_14.mult_gen_v12_0_14_pkg
Compiling package ieee.std_logic_arith
Compiling package ieee.std_logic_signed
Compiling package unisim.vcomponents
Compiling package mult_gen_v12_0_14.dsp_pkg
Compiling module xil_defaultlib.filter_distribution(H=4,W=4)
Compiling module xil_defaultlib.pic_window_distribution(H=4,W=4)
Compiling architecture xilinx of entity mult_gen_v12_0_14.delay_line [\delay_line(c_xdevicefamily="art...]
Compiling architecture xilinx of entity mult_gen_v12_0_14.op_resize [\op_resize(ai_width=4,bi_width=8...]
Compiling architecture xilinx of entity mult_gen_v12_0_14.dsp [\dsp(c_xdevicefamily="artix7",c_...]
Compiling architecture xilinx of entity mult_gen_v12_0_14.mult_gen_v12_0_14_viv [\mult_gen_v12_0_14_viv(c_verbosi...]
Compiling architecture xilinx of entity mult_gen_v12_0_14.mult_gen_v12_0_14 [\mult_gen_v12_0_14(c_xdevicefami...]
Compiling architecture multiplier_arch of entity xil_defaultlib.multiplier [multiplier_default]
Compiling module xil_defaultlib.multiply_add
Compiling module xil_defaultlib.conv_execution
Compiling module xil_defaultlib.multiclk_adder(H=4,W=4)
Compiling module xil_defaultlib.conv_result_channel_combination(...
Compiling module xil_defaultlib.single_layer_conv(H=4,W=4)
Compiling module xil_defaultlib.single_layer_conv_tb
Compiling module xil_defaultlib.glbl
Built simulation snapshot single_layer_conv_tb_behav
run_program: Time (s): cpu = 00:00:00 ; elapsed = 00:00:10 . Memory (MB): peak = 1158.152 ; gain = 0.000
INFO: [USF-XSim-69] 'elaborate' step finished in '10' seconds
launch_simulation: Time (s): cpu = 00:00:00 ; elapsed = 00:00:11 . Memory (MB): peak = 1158.152 ; gain = 0.000
Vivado Simulator 2018.3
Time resolution is 1 ps
relaunch_sim: Time (s): cpu = 00:00:00 ; elapsed = 00:00:15 . Memory (MB): peak = 1158.152 ; gain = 0.000
relaunch_sim
INFO: [Vivado 12-5698] Checking validity of IPs in the design for the 'XSim' simulator...
INFO: [Vivado 12-5682] Launching behavioral simulation in 'C:/Users/20706/Desktop/FPGA与ZYNQ程序/kernel3x3x3/kernel3x3x3.sim/sim_1/behav/xsim'
INFO: [Vivado 12-4795] Using compiled simulation libraries for IPs
INFO: [SIM-utils-51] Simulation object is 'sim_1'
INFO: [USF-XSim-7] Finding pre-compiled libraries...
INFO: [USF-XSim-11] File 'D:/Xilinx/Vivado/2018.3/data/xsim/xsim.ini' copied to run dir:'C:/Users/20706/Desktop/FPGA与ZYNQ程序/kernel3x3x3/kernel3x3x3.sim/sim_1/behav/xsim'
INFO: [SIM-utils-54] Inspecting design source files for 'single_layer_conv_tb' in fileset 'sim_1'...
INFO: [USF-XSim-97] Finding global include files...
INFO: [USF-XSim-98] Fetching design files from 'sim_1'...
INFO: [USF-XSim-2] XSim::Compile design
INFO: [USF-XSim-61] Executing 'COMPILE and ANALYZE' step in 'C:/Users/20706/Desktop/FPGA与ZYNQ程序/kernel3x3x3/kernel3x3x3.sim/sim_1/behav/xsim'
"xvlog --incr --relax -prj single_layer_conv_tb_vlog.prj"
INFO: [VRFC 10-2263] Analyzing Verilog file "C:/Users/20706/Desktop/FPGA与ZYNQ程序/kernel3x3x3/kernel3x3x3.srcs/sources_1/new/conv_execution.v" into library xil_defaultlib
INFO: [VRFC 10-311] analyzing module conv_execution
INFO: [VRFC 10-2263] Analyzing Verilog file "C:/Users/20706/Desktop/FPGA与ZYNQ程序/kernel3x3x3/kernel3x3x3.srcs/sources_1/new/conv_result_channel_combination.v" into library xil_defaultlib
INFO: [VRFC 10-311] analyzing module conv_result_channel_combination
INFO: [VRFC 10-2263] Analyzing Verilog file "C:/Users/20706/Desktop/FPGA与ZYNQ程序/kernel3x3x3/kernel3x3x3.srcs/sources_1/new/filter_distribution.v" into library xil_defaultlib
INFO: [VRFC 10-311] analyzing module filter_distribution
INFO: [VRFC 10-2263] Analyzing Verilog file "C:/Users/20706/Desktop/FPGA与ZYNQ程序/kernel3x3x3/kernel3x3x3.srcs/sources_1/new/multiclk_adder.v" into library xil_defaultlib
INFO: [VRFC 10-311] analyzing module multiclk_adder
INFO: [VRFC 10-2263] Analyzing Verilog file "C:/Users/20706/Desktop/FPGA与ZYNQ程序/kernel3x3x3/kernel3x3x3.srcs/sources_1/new/multiply_add.v" into library xil_defaultlib
INFO: [VRFC 10-311] analyzing module multiply_add
INFO: [VRFC 10-2263] Analyzing Verilog file "C:/Users/20706/Desktop/FPGA与ZYNQ程序/kernel3x3x3/kernel3x3x3.srcs/sources_1/new/pic_window_distribution.v" into library xil_defaultlib
INFO: [VRFC 10-311] analyzing module pic_window_distribution
INFO: [VRFC 10-2263] Analyzing Verilog file "C:/Users/20706/Desktop/FPGA与ZYNQ程序/kernel3x3x3/kernel3x3x3.srcs/sources_1/new/single_layer_conv.v" into library xil_defaultlib
INFO: [VRFC 10-311] analyzing module single_layer_conv
INFO: [VRFC 10-2263] Analyzing Verilog file "C:/Users/20706/Desktop/FPGA与ZYNQ程序/kernel3x3x3/kernel3x3x3.srcs/sim_1/new/single_layer_conv_tb.v" into library xil_defaultlib
INFO: [VRFC 10-311] analyzing module single_layer_conv_tb
"xvhdl --incr --relax -prj single_layer_conv_tb_vhdl.prj"
INFO: [USF-XSim-69] 'compile' step finished in '2' seconds
INFO: [Vivado 12-5698] Checking validity of IPs in the design for the 'XSim' simulator...
INFO: [Vivado 12-5682] Launching behavioral simulation in 'C:/Users/20706/Desktop/FPGA与ZYNQ程序/kernel3x3x3/kernel3x3x3.sim/sim_1/behav/xsim'
INFO: [Vivado 12-4795] Using compiled simulation libraries for IPs
INFO: [USF-XSim-3] XSim::Elaborate design
INFO: [USF-XSim-61] Executing 'ELABORATE' step in 'C:/Users/20706/Desktop/FPGA与ZYNQ程序/kernel3x3x3/kernel3x3x3.sim/sim_1/behav/xsim'
Vivado Simulator 2018.3
Copyright 1986-1999, 2001-2018 Xilinx, Inc. All Rights Reserved.
Running: D:/Xilinx/Vivado/2018.3/bin/unwrapped/win64.o/xelab.exe -wto 2b571d4076eb4c39bf484877dd7dacf0 --incr --debug typical --relax --mt 2 -L xbip_utils_v3_0_9 -L xbip_pipe_v3_0_5 -L xbip_bram18k_v3_0_5 -L mult_gen_v12_0_14 -L xil_defaultlib -L unisims_ver -L unimacro_ver -L secureip -L xpm --snapshot single_layer_conv_tb_behav xil_defaultlib.single_layer_conv_tb xil_defaultlib.glbl -log elaborate.log 
Using 2 slave threads.
Starting static elaboration
Completed static elaboration
Starting simulation data flow analysis
WARNING: [XSIM 43-4099] "C:/Users/20706/Desktop/FPGA与ZYNQ程序/kernel3x3x3/kernel3x3x3.srcs/sources_1/new/single_layer_conv.v" Line 1. Module single_layer_conv(H=4,W=4) doesn't have a timescale but at least one module in design has a timescale.
WARNING: [XSIM 43-4099] "C:/Users/20706/Desktop/FPGA与ZYNQ程序/kernel3x3x3/kernel3x3x3.srcs/sources_1/new/filter_distribution.v" Line 1. Module filter_distribution(H=4,W=4) doesn't have a timescale but at least one module in design has a timescale.
WARNING: [XSIM 43-4099] "C:/Users/20706/Desktop/FPGA与ZYNQ程序/kernel3x3x3/kernel3x3x3.srcs/sources_1/new/pic_window_distribution.v" Line 1. Module pic_window_distribution(H=4,W=4) doesn't have a timescale but at least one module in design has a timescale.
WARNING: [XSIM 43-4099] "C:/Users/20706/Desktop/FPGA与ZYNQ程序/kernel3x3x3/kernel3x3x3.srcs/sources_1/new/conv_execution.v" Line 1. Module conv_execution doesn't have a timescale but at least one module in design has a timescale.
WARNING: [XSIM 43-4099] "C:/Users/20706/Desktop/FPGA与ZYNQ程序/kernel3x3x3/kernel3x3x3.srcs/sources_1/new/multiply_add.v" Line 1. Module multiply_add doesn't have a timescale but at least one module in design has a timescale.
WARNING: [XSIM 43-4099] "C:/Users/20706/Desktop/FPGA与ZYNQ程序/kernel3x3x3/kernel3x3x3.srcs/sources_1/new/conv_execution.v" Line 1. Module conv_execution doesn't have a timescale but at least one module in design has a timescale.
WARNING: [XSIM 43-4099] "C:/Users/20706/Desktop/FPGA与ZYNQ程序/kernel3x3x3/kernel3x3x3.srcs/sources_1/new/multiply_add.v" Line 1. Module multiply_add doesn't have a timescale but at least one module in design has a timescale.
WARNING: [XSIM 43-4099] "C:/Users/20706/Desktop/FPGA与ZYNQ程序/kernel3x3x3/kernel3x3x3.srcs/sources_1/new/conv_execution.v" Line 1. Module conv_execution doesn't have a timescale but at least one module in design has a timescale.
WARNING: [XSIM 43-4099] "C:/Users/20706/Desktop/FPGA与ZYNQ程序/kernel3x3x3/kernel3x3x3.srcs/sources_1/new/multiply_add.v" Line 1. Module multiply_add doesn't have a timescale but at least one module in design has a timescale.
WARNING: [XSIM 43-4099] "C:/Users/20706/Desktop/FPGA与ZYNQ程序/kernel3x3x3/kernel3x3x3.srcs/sources_1/new/conv_execution.v" Line 1. Module conv_execution doesn't have a timescale but at least one module in design has a timescale.
WARNING: [XSIM 43-4099] "C:/Users/20706/Desktop/FPGA与ZYNQ程序/kernel3x3x3/kernel3x3x3.srcs/sources_1/new/multiply_add.v" Line 1. Module multiply_add doesn't have a timescale but at least one module in design has a timescale.
WARNING: [XSIM 43-4099] "C:/Users/20706/Desktop/FPGA与ZYNQ程序/kernel3x3x3/kernel3x3x3.srcs/sources_1/new/conv_execution.v" Line 1. Module conv_execution doesn't have a timescale but at least one module in design has a timescale.
WARNING: [XSIM 43-4099] "C:/Users/20706/Desktop/FPGA与ZYNQ程序/kernel3x3x3/kernel3x3x3.srcs/sources_1/new/multiply_add.v" Line 1. Module multiply_add doesn't have a timescale but at least one module in design has a timescale.
WARNING: [XSIM 43-4099] "C:/Users/20706/Desktop/FPGA与ZYNQ程序/kernel3x3x3/kernel3x3x3.srcs/sources_1/new/conv_execution.v" Line 1. Module conv_execution doesn't have a timescale but at least one module in design has a timescale.
WARNING: [XSIM 43-4099] "C:/Users/20706/Desktop/FPGA与ZYNQ程序/kernel3x3x3/kernel3x3x3.srcs/sources_1/new/multiply_add.v" Line 1. Module multiply_add doesn't have a timescale but at least one module in design has a timescale.
WARNING: [XSIM 43-4099] "C:/Users/20706/Desktop/FPGA与ZYNQ程序/kernel3x3x3/kernel3x3x3.srcs/sources_1/new/conv_execution.v" Line 1. Module conv_execution doesn't have a timescale but at least one module in design has a timescale.
WARNING: [XSIM 43-4099] "C:/Users/20706/Desktop/FPGA与ZYNQ程序/kernel3x3x3/kernel3x3x3.srcs/sources_1/new/multiply_add.v" Line 1. Module multiply_add doesn't have a timescale but at least one module in design has a timescale.
WARNING: [XSIM 43-4099] "C:/Users/20706/Desktop/FPGA与ZYNQ程序/kernel3x3x3/kernel3x3x3.srcs/sources_1/new/conv_execution.v" Line 1. Module conv_execution doesn't have a timescale but at least one module in design has a timescale.
WARNING: [XSIM 43-4099] "C:/Users/20706/Desktop/FPGA与ZYNQ程序/kernel3x3x3/kernel3x3x3.srcs/sources_1/new/multiply_add.v" Line 1. Module multiply_add doesn't have a timescale but at least one module in design has a timescale.
WARNING: [XSIM 43-4099] "C:/Users/20706/Desktop/FPGA与ZYNQ程序/kernel3x3x3/kernel3x3x3.srcs/sources_1/new/conv_execution.v" Line 1. Module conv_execution doesn't have a timescale but at least one module in design has a timescale.
WARNING: [XSIM 43-4099] "C:/Users/20706/Desktop/FPGA与ZYNQ程序/kernel3x3x3/kernel3x3x3.srcs/sources_1/new/multiply_add.v" Line 1. Module multiply_add doesn't have a timescale but at least one module in design has a timescale.
WARNING: [XSIM 43-4099] "C:/Users/20706/Desktop/FPGA与ZYNQ程序/kernel3x3x3/kernel3x3x3.srcs/sources_1/new/conv_execution.v" Line 1. Module conv_execution doesn't have a timescale but at least one module in design has a timescale.
WARNING: [XSIM 43-4099] "C:/Users/20706/Desktop/FPGA与ZYNQ程序/kernel3x3x3/kernel3x3x3.srcs/sources_1/new/multiply_add.v" Line 1. Module multiply_add doesn't have a timescale but at least one module in design has a timescale.
WARNING: [XSIM 43-4099] "C:/Users/20706/Desktop/FPGA与ZYNQ程序/kernel3x3x3/kernel3x3x3.srcs/sources_1/new/conv_execution.v" Line 1. Module conv_execution doesn't have a timescale but at least one module in design has a timescale.
WARNING: [XSIM 43-4099] "C:/Users/20706/Desktop/FPGA与ZYNQ程序/kernel3x3x3/kernel3x3x3.srcs/sources_1/new/multiply_add.v" Line 1. Module multiply_add doesn't have a timescale but at least one module in design has a timescale.
WARNING: [XSIM 43-4099] "C:/Users/20706/Desktop/FPGA与ZYNQ程序/kernel3x3x3/kernel3x3x3.srcs/sources_1/new/conv_execution.v" Line 1. Module conv_execution doesn't have a timescale but at least one module in design has a timescale.
WARNING: [XSIM 43-4099] "C:/Users/20706/Desktop/FPGA与ZYNQ程序/kernel3x3x3/kernel3x3x3.srcs/sources_1/new/multiply_add.v" Line 1. Module multiply_add doesn't have a timescale but at least one module in design has a timescale.
WARNING: [XSIM 43-4099] "C:/Users/20706/Desktop/FPGA与ZYNQ程序/kernel3x3x3/kernel3x3x3.srcs/sources_1/new/conv_result_channel_combination.v" Line 1. Module conv_result_channel_combination(H=4,W=4) doesn't have a timescale but at least one module in design has a timescale.
WARNING: [XSIM 43-4099] "C:/Users/20706/Desktop/FPGA与ZYNQ程序/kernel3x3x3/kernel3x3x3.srcs/sources_1/new/multiclk_adder.v" Line 1. Module multiclk_adder(H=4,W=4) doesn't have a timescale but at least one module in design has a timescale.
WARNING: [XSIM 43-4099] "C:/Users/20706/Desktop/FPGA与ZYNQ程序/kernel3x3x3/kernel3x3x3.srcs/sources_1/new/multiclk_adder.v" Line 1. Module multiclk_adder(H=4,W=4) doesn't have a timescale but at least one module in design has a timescale.
WARNING: [XSIM 43-4099] "C:/Users/20706/Desktop/FPGA与ZYNQ程序/kernel3x3x3/kernel3x3x3.srcs/sources_1/new/multiclk_adder.v" Line 1. Module multiclk_adder(H=4,W=4) doesn't have a timescale but at least one module in design has a timescale.
WARNING: [XSIM 43-4099] "C:/Users/20706/Desktop/FPGA与ZYNQ程序/kernel3x3x3/kernel3x3x3.srcs/sources_1/new/multiclk_adder.v" Line 1. Module multiclk_adder(H=4,W=4) doesn't have a timescale but at least one module in design has a timescale.
Completed simulation data flow analysis
Time Resolution for simulation is 1ps
Compiling package std.standard
Compiling package std.textio
Compiling package ieee.std_logic_1164
Compiling package ieee.numeric_std
Compiling package mult_gen_v12_0_14.mult_gen_v12_0_14_viv_comp
Compiling package xbip_utils_v3_0_9.xbip_utils_v3_0_9_pkg
Compiling package mult_gen_v12_0_14.mult_gen_v12_0_14_pkg
Compiling package ieee.std_logic_arith
Compiling package ieee.std_logic_signed
Compiling package unisim.vcomponents
Compiling package mult_gen_v12_0_14.dsp_pkg
Compiling module xil_defaultlib.filter_distribution(H=4,W=4)
Compiling module xil_defaultlib.pic_window_distribution(H=4,W=4)
Compiling architecture xilinx of entity mult_gen_v12_0_14.delay_line [\delay_line(c_xdevicefamily="art...]
Compiling architecture xilinx of entity mult_gen_v12_0_14.op_resize [\op_resize(ai_width=4,bi_width=8...]
Compiling architecture xilinx of entity mult_gen_v12_0_14.dsp [\dsp(c_xdevicefamily="artix7",c_...]
Compiling architecture xilinx of entity mult_gen_v12_0_14.mult_gen_v12_0_14_viv [\mult_gen_v12_0_14_viv(c_verbosi...]
Compiling architecture xilinx of entity mult_gen_v12_0_14.mult_gen_v12_0_14 [\mult_gen_v12_0_14(c_xdevicefami...]
Compiling architecture multiplier_arch of entity xil_defaultlib.multiplier [multiplier_default]
Compiling module xil_defaultlib.multiply_add
Compiling module xil_defaultlib.conv_execution
Compiling module xil_defaultlib.multiclk_adder(H=4,W=4)
Compiling module xil_defaultlib.conv_result_channel_combination(...
Compiling module xil_defaultlib.single_layer_conv(H=4,W=4)
Compiling module xil_defaultlib.single_layer_conv_tb
Compiling module xil_defaultlib.glbl
Built simulation snapshot single_layer_conv_tb_behav
run_program: Time (s): cpu = 00:00:00 ; elapsed = 00:00:10 . Memory (MB): peak = 1158.152 ; gain = 0.000
INFO: [USF-XSim-69] 'elaborate' step finished in '11' seconds
launch_simulation: Time (s): cpu = 00:00:00 ; elapsed = 00:00:11 . Memory (MB): peak = 1158.152 ; gain = 0.000
Vivado Simulator 2018.3
Time resolution is 1 ps
relaunch_sim: Time (s): cpu = 00:00:01 ; elapsed = 00:00:15 . Memory (MB): peak = 1158.152 ; gain = 0.000
close_sim
INFO: [Simtcl 6-16] Simulation closed
exit
INFO: [Common 17-206] Exiting Vivado at Mon Feb 13 21:25:40 2023...
